<?xml version="1.0" encoding="UTF-8"?>
<coverage generated="1779087863153" clover="3.2.0">
  <project timestamp="1779087863153" name="All files">
    <metrics statements="974" coveredstatements="468" conditionals="236" coveredconditionals="203" methods="39" coveredmethods="35" elements="1249" coveredelements="706" complexity="0" loc="974" ncloc="974" packages="6" files="10" classes="10"/>
    <package name="time-input">
      <metrics statements="70" coveredstatements="0" conditionals="3" coveredconditionals="2" methods="3" coveredmethods="2"/>
      <file name="next.config.ts" path="/Users/kaylee/workspace/time-input/next.config.ts">
        <metrics statements="4" coveredstatements="0" conditionals="1" coveredconditionals="1" methods="1" coveredmethods="1"/>
        <line num="3" count="0" type="stmt"/>
        <line num="4" count="0" type="stmt"/>
        <line num="5" count="0" type="stmt"/>
        <line num="7" count="0" type="stmt"/>
      </file>
      <file name="postcss.config.mjs" path="/Users/kaylee/workspace/time-input/postcss.config.mjs">
        <metrics statements="7" coveredstatements="0" conditionals="1" coveredconditionals="0" methods="1" coveredmethods="0"/>
        <line num="1" count="0" type="cond" truecount="0" falsecount="1"/>
        <line num="2" count="0" type="stmt"/>
        <line num="3" count="0" type="stmt"/>
        <line num="4" count="0" type="stmt"/>
        <line num="5" count="0" type="stmt"/>
        <line num="6" count="0" type="stmt"/>
        <line num="8" count="0" type="stmt"/>
      </file>
      <file name="tailwind.config.ts" path="/Users/kaylee/workspace/time-input/tailwind.config.ts">
        <metrics statements="59" coveredstatements="0" conditionals="1" coveredconditionals="1" methods="1" coveredmethods="1"/>
        <line num="3" count="0" type="stmt"/>
        <line num="4" count="0" type="stmt"/>
        <line num="5" count="0" type="stmt"/>
        <line num="6" count="0" type="stmt"/>
        <line num="7" count="0" type="stmt"/>
        <line num="8" count="0" type="stmt"/>
        <line num="9" count="0" type="stmt"/>
        <line num="10" count="0" type="stmt"/>
        <line num="11" count="0" type="stmt"/>
        <line num="12" count="0" type="stmt"/>
        <line num="13" count="0" type="stmt"/>
        <line num="14" count="0" type="stmt"/>
        <line num="15" count="0" type="stmt"/>
        <line num="16" count="0" type="stmt"/>
        <line num="17" count="0" type="stmt"/>
        <line num="18" count="0" type="stmt"/>
        <line num="19" count="0" type="stmt"/>
        <line num="20" count="0" type="stmt"/>
        <line num="21" count="0" type="stmt"/>
        <line num="22" count="0" type="stmt"/>
        <line num="23" count="0" type="stmt"/>
        <line num="24" count="0" type="stmt"/>
        <line num="25" count="0" type="stmt"/>
        <line num="26" count="0" type="stmt"/>
        <line num="27" count="0" type="stmt"/>
        <line num="28" count="0" type="stmt"/>
        <line num="29" count="0" type="stmt"/>
        <line num="30" count="0" type="stmt"/>
        <line num="31" count="0" type="stmt"/>
        <line num="32" count="0" type="stmt"/>
        <line num="33" count="0" type="stmt"/>
        <line num="34" count="0" type="stmt"/>
        <line num="35" count="0" type="stmt"/>
        <line num="36" count="0" type="stmt"/>
        <line num="37" count="0" type="stmt"/>
        <line num="38" count="0" type="stmt"/>
        <line num="39" count="0" type="stmt"/>
        <line num="40" count="0" type="stmt"/>
        <line num="41" count="0" type="stmt"/>
        <line num="42" count="0" type="stmt"/>
        <line num="43" count="0" type="stmt"/>
        <line num="44" count="0" type="stmt"/>
        <line num="45" count="0" type="stmt"/>
        <line num="46" count="0" type="stmt"/>
        <line num="47" count="0" type="stmt"/>
        <line num="48" count="0" type="stmt"/>
        <line num="49" count="0" type="stmt"/>
        <line num="50" count="0" type="stmt"/>
        <line num="51" count="0" type="stmt"/>
        <line num="52" count="0" type="stmt"/>
        <line num="53" count="0" type="stmt"/>
        <line num="54" count="0" type="stmt"/>
        <line num="55" count="0" type="stmt"/>
        <line num="56" count="0" type="stmt"/>
        <line num="57" count="0" type="stmt"/>
        <line num="58" count="0" type="stmt"/>
        <line num="59" count="0" type="stmt"/>
        <line num="60" count="0" type="stmt"/>
        <line num="62" count="0" type="stmt"/>
      </file>
    </package>
    <package name="time-input.dist-tw-config">
      <metrics statements="61" coveredstatements="0" conditionals="1" coveredconditionals="0" methods="1" coveredmethods="0"/>
      <file name="tailwind.config.js" path="/Users/kaylee/workspace/time-input/dist-tw-config/tailwind.config.js">
        <metrics statements="61" coveredstatements="0" conditionals="1" coveredconditionals="0" methods="1" coveredmethods="0"/>
        <line num="1" count="0" type="cond" truecount="0" falsecount="1"/>
        <line num="2" count="0" type="stmt"/>
        <line num="3" count="0" type="stmt"/>
        <line num="4" count="0" type="stmt"/>
        <line num="5" count="0" type="stmt"/>
        <line num="6" count="0" type="stmt"/>
        <line num="7" count="0" type="stmt"/>
        <line num="8" count="0" type="stmt"/>
        <line num="9" count="0" type="stmt"/>
        <line num="10" count="0" type="stmt"/>
        <line num="11" count="0" type="stmt"/>
        <line num="12" count="0" type="stmt"/>
        <line num="13" count="0" type="stmt"/>
        <line num="14" count="0" type="stmt"/>
        <line num="15" count="0" type="stmt"/>
        <line num="16" count="0" type="stmt"/>
        <line num="17" count="0" type="stmt"/>
        <line num="18" count="0" type="stmt"/>
        <line num="19" count="0" type="stmt"/>
        <line num="20" count="0" type="stmt"/>
        <line num="21" count="0" type="stmt"/>
        <line num="22" count="0" type="stmt"/>
        <line num="23" count="0" type="stmt"/>
        <line num="24" count="0" type="stmt"/>
        <line num="25" count="0" type="stmt"/>
        <line num="26" count="0" type="stmt"/>
        <line num="27" count="0" type="stmt"/>
        <line num="28" count="0" type="stmt"/>
        <line num="29" count="0" type="stmt"/>
        <line num="30" count="0" type="stmt"/>
        <line num="31" count="0" type="stmt"/>
        <line num="32" count="0" type="stmt"/>
        <line num="33" count="0" type="stmt"/>
        <line num="34" count="0" type="stmt"/>
        <line num="35" count="0" type="stmt"/>
        <line num="36" count="0" type="stmt"/>
        <line num="37" count="0" type="stmt"/>
        <line num="38" count="0" type="stmt"/>
        <line num="39" count="0" type="stmt"/>
        <line num="40" count="0" type="stmt"/>
        <line num="41" count="0" type="stmt"/>
        <line num="42" count="0" type="stmt"/>
        <line num="43" count="0" type="stmt"/>
        <line num="44" count="0" type="stmt"/>
        <line num="45" count="0" type="stmt"/>
        <line num="46" count="0" type="stmt"/>
        <line num="47" count="0" type="stmt"/>
        <line num="48" count="0" type="stmt"/>
        <line num="49" count="0" type="stmt"/>
        <line num="50" count="0" type="stmt"/>
        <line num="51" count="0" type="stmt"/>
        <line num="52" count="0" type="stmt"/>
        <line num="53" count="0" type="stmt"/>
        <line num="54" count="0" type="stmt"/>
        <line num="55" count="0" type="stmt"/>
        <line num="56" count="0" type="stmt"/>
        <line num="57" count="0" type="stmt"/>
        <line num="58" count="0" type="stmt"/>
        <line num="59" count="0" type="stmt"/>
        <line num="60" count="0" type="stmt"/>
        <line num="61" count="0" type="stmt"/>
      </file>
    </package>
    <package name="time-input.scripts">
      <metrics statements="30" coveredstatements="0" conditionals="1" coveredconditionals="0" methods="1" coveredmethods="0"/>
      <file name="build-registry.ts" path="/Users/kaylee/workspace/time-input/scripts/build-registry.ts">
        <metrics statements="30" coveredstatements="0" conditionals="1" coveredconditionals="0" methods="1" coveredmethods="0"/>
        <line num="1" count="0" type="cond" truecount="0" falsecount="1"/>
        <line num="2" count="0" type="stmt"/>
        <line num="4" count="0" type="stmt"/>
        <line num="6" count="0" type="stmt"/>
        <line num="7" count="0" type="stmt"/>
        <line num="8" count="0" type="stmt"/>
        <line num="9" count="0" type="stmt"/>
        <line num="11" count="0" type="stmt"/>
        <line num="12" count="0" type="stmt"/>
        <line num="13" count="0" type="stmt"/>
        <line num="14" count="0" type="stmt"/>
        <line num="15" count="0" type="stmt"/>
        <line num="16" count="0" type="stmt"/>
        <line num="17" count="0" type="stmt"/>
        <line num="18" count="0" type="stmt"/>
        <line num="19" count="0" type="stmt"/>
        <line num="20" count="0" type="stmt"/>
        <line num="21" count="0" type="stmt"/>
        <line num="22" count="0" type="stmt"/>
        <line num="23" count="0" type="stmt"/>
        <line num="24" count="0" type="stmt"/>
        <line num="25" count="0" type="stmt"/>
        <line num="26" count="0" type="stmt"/>
        <line num="27" count="0" type="stmt"/>
        <line num="28" count="0" type="stmt"/>
        <line num="29" count="0" type="stmt"/>
        <line num="30" count="0" type="stmt"/>
        <line num="32" count="0" type="stmt"/>
        <line num="33" count="0" type="stmt"/>
        <line num="34" count="0" type="stmt"/>
      </file>
    </package>
    <package name="time-input.src.app">
      <metrics statements="336" coveredstatements="0" conditionals="3" coveredconditionals="2" methods="3" coveredmethods="2"/>
      <file name="demo.tsx" path="/Users/kaylee/workspace/time-input/src/app/demo.tsx">
        <metrics statements="185" coveredstatements="0" conditionals="1" coveredconditionals="1" methods="1" coveredmethods="1"/>
        <line num="3" count="0" type="stmt"/>
        <line num="4" count="0" type="stmt"/>
        <line num="5" count="0" type="stmt"/>
        <line num="7" count="0" type="stmt"/>
        <line num="8" count="0" type="stmt"/>
        <line num="9" count="0" type="stmt"/>
        <line num="11" count="0" type="stmt"/>
        <line num="12" count="0" type="stmt"/>
        <line num="13" count="0" type="stmt"/>
        <line num="14" count="0" type="stmt"/>
        <line num="15" count="0" type="stmt"/>
        <line num="17" count="0" type="stmt"/>
        <line num="18" count="0" type="stmt"/>
        <line num="19" count="0" type="stmt"/>
        <line num="20" count="0" type="stmt"/>
        <line num="21" count="0" type="stmt"/>
        <line num="22" count="0" type="stmt"/>
        <line num="23" count="0" type="stmt"/>
        <line num="25" count="0" type="stmt"/>
        <line num="26" count="0" type="stmt"/>
        <line num="27" count="0" type="stmt"/>
        <line num="29" count="0" type="stmt"/>
        <line num="31" count="0" type="stmt"/>
        <line num="32" count="0" type="stmt"/>
        <line num="33" count="0" type="stmt"/>
        <line num="34" count="0" type="stmt"/>
        <line num="36" count="0" type="stmt"/>
        <line num="37" count="0" type="stmt"/>
        <line num="38" count="0" type="stmt"/>
        <line num="39" count="0" type="stmt"/>
        <line num="40" count="0" type="stmt"/>
        <line num="41" count="0" type="stmt"/>
        <line num="42" count="0" type="stmt"/>
        <line num="43" count="0" type="stmt"/>
        <line num="44" count="0" type="stmt"/>
        <line num="45" count="0" type="stmt"/>
        <line num="46" count="0" type="stmt"/>
        <line num="47" count="0" type="stmt"/>
        <line num="49" count="0" type="stmt"/>
        <line num="51" count="0" type="stmt"/>
        <line num="52" count="0" type="stmt"/>
        <line num="53" count="0" type="stmt"/>
        <line num="54" count="0" type="stmt"/>
        <line num="55" count="0" type="stmt"/>
        <line num="59" count="0" type="stmt"/>
        <line num="60" count="0" type="stmt"/>
        <line num="61" count="0" type="stmt"/>
        <line num="62" count="0" type="stmt"/>
        <line num="63" count="0" type="stmt"/>
        <line num="64" count="0" type="stmt"/>
        <line num="65" count="0" type="stmt"/>
        <line num="66" count="0" type="stmt"/>
        <line num="67" count="0" type="stmt"/>
        <line num="68" count="0" type="stmt"/>
        <line num="69" count="0" type="stmt"/>
        <line num="71" count="0" type="stmt"/>
        <line num="73" count="0" type="stmt"/>
        <line num="74" count="0" type="stmt"/>
        <line num="75" count="0" type="stmt"/>
        <line num="76" count="0" type="stmt"/>
        <line num="77" count="0" type="stmt"/>
        <line num="78" count="0" type="stmt"/>
        <line num="79" count="0" type="stmt"/>
        <line num="80" count="0" type="stmt"/>
        <line num="81" count="0" type="stmt"/>
        <line num="82" count="0" type="stmt"/>
        <line num="83" count="0" type="stmt"/>
        <line num="84" count="0" type="stmt"/>
        <line num="85" count="0" type="stmt"/>
        <line num="86" count="0" type="stmt"/>
        <line num="87" count="0" type="stmt"/>
        <line num="88" count="0" type="stmt"/>
        <line num="89" count="0" type="stmt"/>
        <line num="90" count="0" type="stmt"/>
        <line num="91" count="0" type="stmt"/>
        <line num="92" count="0" type="stmt"/>
        <line num="93" count="0" type="stmt"/>
        <line num="94" count="0" type="stmt"/>
        <line num="95" count="0" type="stmt"/>
        <line num="96" count="0" type="stmt"/>
        <line num="97" count="0" type="stmt"/>
        <line num="98" count="0" type="stmt"/>
        <line num="99" count="0" type="stmt"/>
        <line num="100" count="0" type="stmt"/>
        <line num="101" count="0" type="stmt"/>
        <line num="102" count="0" type="stmt"/>
        <line num="103" count="0" type="stmt"/>
        <line num="104" count="0" type="stmt"/>
        <line num="105" count="0" type="stmt"/>
        <line num="106" count="0" type="stmt"/>
        <line num="107" count="0" type="stmt"/>
        <line num="108" count="0" type="stmt"/>
        <line num="109" count="0" type="stmt"/>
        <line num="110" count="0" type="stmt"/>
        <line num="111" count="0" type="stmt"/>
        <line num="112" count="0" type="stmt"/>
        <line num="113" count="0" type="stmt"/>
        <line num="114" count="0" type="stmt"/>
        <line num="115" count="0" type="stmt"/>
        <line num="116" count="0" type="stmt"/>
        <line num="117" count="0" type="stmt"/>
        <line num="118" count="0" type="stmt"/>
        <line num="119" count="0" type="stmt"/>
        <line num="120" count="0" type="stmt"/>
        <line num="121" count="0" type="stmt"/>
        <line num="122" count="0" type="stmt"/>
        <line num="123" count="0" type="stmt"/>
        <line num="124" count="0" type="stmt"/>
        <line num="125" count="0" type="stmt"/>
        <line num="126" count="0" type="stmt"/>
        <line num="127" count="0" type="stmt"/>
        <line num="129" count="0" type="stmt"/>
        <line num="131" count="0" type="stmt"/>
        <line num="132" count="0" type="stmt"/>
        <line num="133" count="0" type="stmt"/>
        <line num="134" count="0" type="stmt"/>
        <line num="135" count="0" type="stmt"/>
        <line num="136" count="0" type="stmt"/>
        <line num="137" count="0" type="stmt"/>
        <line num="138" count="0" type="stmt"/>
        <line num="139" count="0" type="stmt"/>
        <line num="140" count="0" type="stmt"/>
        <line num="141" count="0" type="stmt"/>
        <line num="142" count="0" type="stmt"/>
        <line num="143" count="0" type="stmt"/>
        <line num="144" count="0" type="stmt"/>
        <line num="145" count="0" type="stmt"/>
        <line num="146" count="0" type="stmt"/>
        <line num="147" count="0" type="stmt"/>
        <line num="148" count="0" type="stmt"/>
        <line num="149" count="0" type="stmt"/>
        <line num="150" count="0" type="stmt"/>
        <line num="151" count="0" type="stmt"/>
        <line num="152" count="0" type="stmt"/>
        <line num="153" count="0" type="stmt"/>
        <line num="154" count="0" type="stmt"/>
        <line num="155" count="0" type="stmt"/>
        <line num="156" count="0" type="stmt"/>
        <line num="157" count="0" type="stmt"/>
        <line num="158" count="0" type="stmt"/>
        <line num="159" count="0" type="stmt"/>
        <line num="160" count="0" type="stmt"/>
        <line num="161" count="0" type="stmt"/>
        <line num="162" count="0" type="stmt"/>
        <line num="163" count="0" type="stmt"/>
        <line num="164" count="0" type="stmt"/>
        <line num="165" count="0" type="stmt"/>
        <line num="167" count="0" type="stmt"/>
        <line num="169" count="0" type="stmt"/>
        <line num="170" count="0" type="stmt"/>
        <line num="171" count="0" type="stmt"/>
        <line num="172" count="0" type="stmt"/>
        <line num="173" count="0" type="stmt"/>
        <line num="174" count="0" type="stmt"/>
        <line num="175" count="0" type="stmt"/>
        <line num="176" count="0" type="stmt"/>
        <line num="177" count="0" type="stmt"/>
        <line num="178" count="0" type="stmt"/>
        <line num="179" count="0" type="stmt"/>
        <line num="180" count="0" type="stmt"/>
        <line num="181" count="0" type="stmt"/>
        <line num="184" count="0" type="stmt"/>
        <line num="185" count="0" type="stmt"/>
        <line num="187" count="0" type="stmt"/>
        <line num="189" count="0" type="stmt"/>
        <line num="190" count="0" type="stmt"/>
        <line num="191" count="0" type="stmt"/>
        <line num="192" count="0" type="stmt"/>
        <line num="193" count="0" type="stmt"/>
        <line num="194" count="0" type="stmt"/>
        <line num="195" count="0" type="stmt"/>
        <line num="196" count="0" type="stmt"/>
        <line num="197" count="0" type="stmt"/>
        <line num="198" count="0" type="stmt"/>
        <line num="199" count="0" type="stmt"/>
        <line num="200" count="0" type="stmt"/>
        <line num="201" count="0" type="stmt"/>
        <line num="203" count="0" type="stmt"/>
        <line num="205" count="0" type="stmt"/>
        <line num="206" count="0" type="stmt"/>
        <line num="207" count="0" type="stmt"/>
        <line num="208" count="0" type="stmt"/>
        <line num="209" count="0" type="stmt"/>
        <line num="210" count="0" type="stmt"/>
        <line num="212" count="0" type="stmt"/>
      </file>
      <file name="layout.tsx" path="/Users/kaylee/workspace/time-input/src/app/layout.tsx">
        <metrics statements="20" coveredstatements="0" conditionals="1" coveredconditionals="1" methods="1" coveredmethods="1"/>
        <line num="2" count="0" type="stmt"/>
        <line num="3" count="0" type="stmt"/>
        <line num="5" count="0" type="stmt"/>
        <line num="7" count="0" type="stmt"/>
        <line num="8" count="0" type="stmt"/>
        <line num="9" count="0" type="stmt"/>
        <line num="10" count="0" type="stmt"/>
        <line num="11" count="0" type="stmt"/>
        <line num="12" count="0" type="stmt"/>
        <line num="13" count="0" type="stmt"/>
        <line num="14" count="0" type="stmt"/>
        <line num="16" count="0" type="stmt"/>
        <line num="17" count="0" type="stmt"/>
        <line num="18" count="0" type="stmt"/>
        <line num="20" count="0" type="stmt"/>
        <line num="21" count="0" type="stmt"/>
        <line num="22" count="0" type="stmt"/>
        <line num="23" count="0" type="stmt"/>
        <line num="24" count="0" type="stmt"/>
        <line num="26" count="0" type="stmt"/>
      </file>
      <file name="page.tsx" path="/Users/kaylee/workspace/time-input/src/app/page.tsx">
        <metrics statements="131" coveredstatements="0" conditionals="1" coveredconditionals="0" methods="1" coveredmethods="0"/>
        <line num="1" count="0" type="cond" truecount="0" falsecount="1"/>
        <line num="3" count="0" type="stmt"/>
        <line num="4" count="0" type="stmt"/>
        <line num="5" count="0" type="stmt"/>
        <line num="7" count="0" type="stmt"/>
        <line num="8" count="0" type="stmt"/>
        <line num="9" count="0" type="stmt"/>
        <line num="10" count="0" type="stmt"/>
        <line num="11" count="0" type="stmt"/>
        <line num="12" count="0" type="stmt"/>
        <line num="13" count="0" type="stmt"/>
        <line num="14" count="0" type="stmt"/>
        <line num="16" count="0" type="stmt"/>
        <line num="18" count="0" type="stmt"/>
        <line num="19" count="0" type="stmt"/>
        <line num="20" count="0" type="stmt"/>
        <line num="21" count="0" type="stmt"/>
        <line num="22" count="0" type="stmt"/>
        <line num="24" count="0" type="stmt"/>
        <line num="26" count="0" type="stmt"/>
        <line num="27" count="0" type="stmt"/>
        <line num="28" count="0" type="stmt"/>
        <line num="29" count="0" type="stmt"/>
        <line num="32" count="0" type="stmt"/>
        <line num="33" count="0" type="stmt"/>
        <line num="34" count="0" type="stmt"/>
        <line num="35" count="0" type="stmt"/>
        <line num="37" count="0" type="stmt"/>
        <line num="38" count="0" type="stmt"/>
        <line num="39" count="0" type="stmt"/>
        <line num="42" count="0" type="stmt"/>
        <line num="43" count="0" type="stmt"/>
        <line num="44" count="0" type="stmt"/>
        <line num="47" count="0" type="stmt"/>
        <line num="48" count="0" type="stmt"/>
        <line num="49" count="0" type="stmt"/>
        <line num="50" count="0" type="stmt"/>
        <line num="51" count="0" type="stmt"/>
        <line num="52" count="0" type="stmt"/>
        <line num="53" count="0" type="stmt"/>
        <line num="56" count="0" type="stmt"/>
        <line num="57" count="0" type="stmt"/>
        <line num="58" count="0" type="stmt"/>
        <line num="61" count="0" type="stmt"/>
        <line num="62" count="0" type="stmt"/>
        <line num="63" count="0" type="stmt"/>
        <line num="66" count="0" type="stmt"/>
        <line num="67" count="0" type="stmt"/>
        <line num="68" count="0" type="stmt"/>
        <line num="71" count="0" type="stmt"/>
        <line num="72" count="0" type="stmt"/>
        <line num="73" count="0" type="stmt"/>
        <line num="76" count="0" type="stmt"/>
        <line num="77" count="0" type="stmt"/>
        <line num="78" count="0" type="stmt"/>
        <line num="81" count="0" type="stmt"/>
        <line num="82" count="0" type="stmt"/>
        <line num="148" count="0" type="stmt"/>
        <line num="149" count="0" type="stmt"/>
        <line num="152" count="0" type="stmt"/>
        <line num="153" count="0" type="stmt"/>
        <line num="154" count="0" type="stmt"/>
        <line num="155" count="0" type="stmt"/>
        <line num="156" count="0" type="stmt"/>
        <line num="157" count="0" type="stmt"/>
        <line num="158" count="0" type="stmt"/>
        <line num="159" count="0" type="stmt"/>
        <line num="160" count="0" type="stmt"/>
        <line num="161" count="0" type="stmt"/>
        <line num="162" count="0" type="stmt"/>
        <line num="163" count="0" type="stmt"/>
        <line num="164" count="0" type="stmt"/>
        <line num="165" count="0" type="stmt"/>
        <line num="166" count="0" type="stmt"/>
        <line num="167" count="0" type="stmt"/>
        <line num="168" count="0" type="stmt"/>
        <line num="169" count="0" type="stmt"/>
        <line num="170" count="0" type="stmt"/>
        <line num="171" count="0" type="stmt"/>
        <line num="172" count="0" type="stmt"/>
        <line num="173" count="0" type="stmt"/>
        <line num="176" count="0" type="stmt"/>
        <line num="177" count="0" type="stmt"/>
        <line num="178" count="0" type="stmt"/>
        <line num="179" count="0" type="stmt"/>
        <line num="180" count="0" type="stmt"/>
        <line num="181" count="0" type="stmt"/>
        <line num="182" count="0" type="stmt"/>
        <line num="183" count="0" type="stmt"/>
        <line num="184" count="0" type="stmt"/>
        <line num="185" count="0" type="stmt"/>
        <line num="186" count="0" type="stmt"/>
        <line num="187" count="0" type="stmt"/>
        <line num="188" count="0" type="stmt"/>
        <line num="189" count="0" type="stmt"/>
        <line num="190" count="0" type="stmt"/>
        <line num="191" count="0" type="stmt"/>
        <line num="192" count="0" type="stmt"/>
        <line num="193" count="0" type="stmt"/>
        <line num="194" count="0" type="stmt"/>
        <line num="195" count="0" type="stmt"/>
        <line num="196" count="0" type="stmt"/>
        <line num="197" count="0" type="stmt"/>
        <line num="198" count="0" type="stmt"/>
        <line num="199" count="0" type="stmt"/>
        <line num="200" count="0" type="stmt"/>
        <line num="201" count="0" type="stmt"/>
        <line num="202" count="0" type="stmt"/>
        <line num="203" count="0" type="stmt"/>
        <line num="204" count="0" type="stmt"/>
        <line num="205" count="0" type="stmt"/>
        <line num="206" count="0" type="stmt"/>
        <line num="207" count="0" type="stmt"/>
        <line num="208" count="0" type="stmt"/>
        <line num="209" count="0" type="stmt"/>
        <line num="210" count="0" type="stmt"/>
        <line num="211" count="0" type="stmt"/>
        <line num="212" count="0" type="stmt"/>
        <line num="213" count="0" type="stmt"/>
        <line num="214" count="0" type="stmt"/>
        <line num="215" count="0" type="stmt"/>
        <line num="216" count="0" type="stmt"/>
        <line num="217" count="0" type="stmt"/>
        <line num="220" count="0" type="stmt"/>
        <line num="221" count="0" type="stmt"/>
        <line num="222" count="0" type="stmt"/>
        <line num="223" count="0" type="stmt"/>
        <line num="225" count="0" type="stmt"/>
        <line num="226" count="0" type="stmt"/>
        <line num="227" count="0" type="stmt"/>
        <line num="229" count="0" type="stmt"/>
      </file>
    </package>
    <package name="time-input.src.components.ui">
      <metrics statements="472" coveredstatements="463" conditionals="227" coveredconditionals="198" methods="30" coveredmethods="30"/>
      <file name="time-input.tsx" path="/Users/kaylee/workspace/time-input/src/components/ui/time-input.tsx">
        <metrics statements="472" coveredstatements="463" conditionals="227" coveredconditionals="198" methods="30" coveredmethods="30"/>
        <line num="3" count="1" type="stmt"/>
        <line num="4" count="1" type="stmt"/>
        <line num="5" count="1" type="stmt"/>
        <line num="7" count="1" type="stmt"/>
        <line num="8" count="1" type="stmt"/>
        <line num="9" count="1" type="stmt"/>
        <line num="10" count="1" type="stmt"/>
        <line num="11" count="1" type="stmt"/>
        <line num="12" count="1" type="stmt"/>
        <line num="13" count="1" type="stmt"/>
        <line num="14" count="1" type="stmt"/>
        <line num="15" count="1" type="stmt"/>
        <line num="16" count="1" type="stmt"/>
        <line num="17" count="1" type="stmt"/>
        <line num="18" count="1" type="stmt"/>
        <line num="19" count="1" type="stmt"/>
        <line num="20" count="1" type="stmt"/>
        <line num="21" count="1" type="stmt"/>
        <line num="33" count="118" type="cond" truecount="1" falsecount="0"/>
        <line num="34" count="118" type="stmt"/>
        <line num="35" count="118" type="cond" truecount="2" falsecount="0"/>
        <line num="37" count="72" type="stmt"/>
        <line num="38" count="72" type="stmt"/>
        <line num="39" count="72" type="stmt"/>
        <line num="40" count="118" type="cond" truecount="1" falsecount="1"/>
        <line num="42" count="118" type="cond" truecount="1" falsecount="0"/>
        <line num="43" count="24" type="stmt"/>
        <line num="44" count="24" type="stmt"/>
        <line num="45" count="24" type="cond" truecount="1" falsecount="0"/>
        <line num="46" count="1" type="stmt"/>
        <line num="47" count="1" type="stmt"/>
        <line num="48" count="24" type="cond" truecount="2" falsecount="0"/>
        <line num="49" count="16" type="stmt"/>
        <line num="50" count="16" type="stmt"/>
        <line num="51" count="23" type="cond" truecount="2" falsecount="0"/>
        <line num="52" count="2" type="stmt"/>
        <line num="53" count="2" type="stmt"/>
        <line num="54" count="7" type="cond" truecount="1" falsecount="0"/>
        <line num="55" count="5" type="stmt"/>
        <line num="56" count="5" type="stmt"/>
        <line num="57" count="5" type="stmt"/>
        <line num="58" count="24" type="stmt"/>
        <line num="59" count="24" type="cond" truecount="1" falsecount="0"/>
        <line num="61" count="48" type="stmt"/>
        <line num="62" count="48" type="stmt"/>
        <line num="64" count="510" type="cond" truecount="1" falsecount="0"/>
        <line num="65" count="510" type="cond" truecount="3" falsecount="0"/>
        <line num="67" count="322" type="stmt"/>
        <line num="68" count="510" type="cond" truecount="0" falsecount="1"/>
        <line num="69" count="510" type="cond" truecount="1" falsecount="0"/>
        <line num="71" count="510" type="stmt"/>
        <line num="72" count="510" type="cond" truecount="1" falsecount="0"/>
        <line num="73" count="93" type="cond" truecount="1" falsecount="0"/>
        <line num="74" count="61" type="cond" truecount="1" falsecount="0"/>
        <line num="75" count="93" type="cond" truecount="1" falsecount="0"/>
        <line num="76" count="32" type="cond" truecount="1" falsecount="0"/>
        <line num="77" count="32" type="stmt"/>
        <line num="78" count="93" type="cond" truecount="1" falsecount="0"/>
        <line num="80" count="322" type="stmt"/>
        <line num="81" count="510" type="cond" truecount="2" falsecount="0"/>
        <line num="82" count="510" type="stmt"/>
        <line num="84" count="54" type="cond" truecount="1" falsecount="0"/>
        <line num="85" count="54" type="stmt"/>
        <line num="86" count="54" type="stmt"/>
        <line num="137" count="1" type="stmt"/>
        <line num="138" count="1" type="cond" truecount="1" falsecount="0"/>
        <line num="139" count="208" type="stmt"/>
        <line num="140" count="208" type="stmt"/>
        <line num="141" count="208" type="stmt"/>
        <line num="142" count="208" type="stmt"/>
        <line num="143" count="208" type="stmt"/>
        <line num="144" count="208" type="stmt"/>
        <line num="145" count="208" type="stmt"/>
        <line num="146" count="208" type="stmt"/>
        <line num="147" count="208" type="stmt"/>
        <line num="148" count="208" type="stmt"/>
        <line num="149" count="208" type="stmt"/>
        <line num="150" count="208" type="stmt"/>
        <line num="151" count="208" type="stmt"/>
        <line num="152" count="208" type="stmt"/>
        <line num="153" count="208" type="stmt"/>
        <line num="154" count="208" type="stmt"/>
        <line num="155" count="208" type="stmt"/>
        <line num="156" count="208" type="stmt"/>
        <line num="157" count="208" type="stmt"/>
        <line num="158" count="208" type="stmt"/>
        <line num="159" count="208" type="stmt"/>
        <line num="160" count="208" type="stmt"/>
        <line num="161" count="208" type="stmt"/>
        <line num="162" count="208" type="stmt"/>
        <line num="163" count="208" type="stmt"/>
        <line num="164" count="208" type="stmt"/>
        <line num="165" count="208" type="stmt"/>
        <line num="166" count="208" type="cond" truecount="1" falsecount="0"/>
        <line num="167" count="117" type="cond" truecount="1" falsecount="0"/>
        <line num="168" count="208" type="stmt"/>
        <line num="169" count="208" type="stmt"/>
        <line num="170" count="208" type="stmt"/>
        <line num="171" count="208" type="stmt"/>
        <line num="173" count="208" type="cond" truecount="1" falsecount="0"/>
        <line num="174" count="117" type="cond" truecount="2" falsecount="0"/>
        <line num="175" count="117" type="cond" truecount="2" falsecount="0"/>
        <line num="176" count="2" type="stmt"/>
        <line num="177" count="2" type="stmt"/>
        <line num="178" count="117" type="cond" truecount="1" falsecount="1"/>
        <line num="179" count="117" type="cond" truecount="2" falsecount="1"/>
        <line num="180" count="117" type="stmt"/>
        <line num="181" count="117" type="cond" truecount="0" falsecount="1"/>
        <line num="182" count="0" type="stmt"/>
        <line num="183" count="0" type="stmt"/>
        <line num="184" count="208" type="stmt"/>
        <line num="186" count="208" type="cond" truecount="1" falsecount="0"/>
        <line num="187" count="118" type="stmt"/>
        <line num="188" count="118" type="stmt"/>
        <line num="189" count="118" type="cond" truecount="3" falsecount="0"/>
        <line num="190" count="1" type="stmt"/>
        <line num="191" count="1" type="stmt"/>
        <line num="192" count="1" type="stmt"/>
        <line num="193" count="1" type="stmt"/>
        <line num="194" count="208" type="stmt"/>
        <line num="196" count="208" type="stmt"/>
        <line num="197" count="208" type="stmt"/>
        <line num="198" count="208" type="stmt"/>
        <line num="199" count="208" type="stmt"/>
        <line num="203" count="208" type="stmt"/>
        <line num="204" count="208" type="stmt"/>
        <line num="205" count="208" type="stmt"/>
        <line num="206" count="208" type="stmt"/>
        <line num="208" count="208" type="cond" truecount="1" falsecount="0"/>
        <line num="210" count="117" type="stmt"/>
        <line num="211" count="117" type="stmt"/>
        <line num="212" count="117" type="stmt"/>
        <line num="213" count="117" type="stmt"/>
        <line num="214" count="117" type="cond" truecount="1" falsecount="0"/>
        <line num="216" count="117" type="stmt"/>
        <line num="217" count="117" type="cond" truecount="1" falsecount="0"/>
        <line num="218" count="241" type="stmt"/>
        <line num="219" count="241" type="cond" truecount="0" falsecount="1"/>
        <line num="220" count="241" type="cond" truecount="1" falsecount="0"/>
        <line num="223" count="5" type="stmt"/>
        <line num="224" count="5" type="cond" truecount="2" falsecount="0"/>
        <line num="225" count="2" type="cond" truecount="2" falsecount="0"/>
        <line num="226" count="2" type="stmt"/>
        <line num="227" count="5" type="stmt"/>
        <line num="228" count="241" type="stmt"/>
        <line num="229" count="241" type="cond" truecount="1" falsecount="0"/>
        <line num="230" count="241" type="stmt"/>
        <line num="231" count="117" type="cond" truecount="2" falsecount="0"/>
        <line num="232" count="208" type="stmt"/>
        <line num="234" count="208" type="stmt"/>
        <line num="235" count="208" type="cond" truecount="0" falsecount="1"/>
        <line num="236" count="0" type="stmt"/>
        <line num="237" count="208" type="stmt"/>
        <line num="238" count="208" type="cond" truecount="2" falsecount="0"/>
        <line num="239" count="15" type="cond" truecount="1" falsecount="0"/>
        <line num="240" count="193" type="cond" truecount="1" falsecount="0"/>
        <line num="241" count="48" type="cond" truecount="1" falsecount="0"/>
        <line num="242" count="145" type="stmt"/>
        <line num="244" count="208" type="cond" truecount="1" falsecount="0"/>
        <line num="245" count="94" type="stmt"/>
        <line num="246" count="94" type="stmt"/>
        <line num="247" count="94" type="stmt"/>
        <line num="248" count="94" type="stmt"/>
        <line num="249" count="94" type="stmt"/>
        <line num="250" count="94" type="cond" truecount="1" falsecount="0"/>
        <line num="251" count="94" type="stmt"/>
        <line num="253" count="208" type="cond" truecount="1" falsecount="0"/>
        <line num="254" count="84" type="cond" truecount="3" falsecount="0"/>
        <line num="256" count="84" type="cond" truecount="0" falsecount="1"/>
        <line num="257" count="84" type="cond" truecount="1" falsecount="0"/>
        <line num="258" count="84" type="stmt"/>
        <line num="260" count="208" type="cond" truecount="1" falsecount="0"/>
        <line num="261" count="53" type="cond" truecount="2" falsecount="0"/>
        <line num="263" count="3" type="stmt"/>
        <line num="264" count="53" type="cond" truecount="3" falsecount="0"/>
        <line num="265" count="53" type="cond" truecount="1" falsecount="2"/>
        <line num="267" count="53" type="cond" truecount="2" falsecount="0"/>
        <line num="268" count="53" type="stmt"/>
        <line num="270" count="208" type="cond" truecount="1" falsecount="0"/>
        <line num="271" count="34" type="stmt"/>
        <line num="272" count="34" type="cond" truecount="1" falsecount="0"/>
        <line num="273" count="16" type="stmt"/>
        <line num="274" count="16" type="stmt"/>
        <line num="275" count="34" type="stmt"/>
        <line num="276" count="34" type="stmt"/>
        <line num="278" count="34" type="stmt"/>
        <line num="279" count="34" type="cond" truecount="1" falsecount="0"/>
        <line num="280" count="18" type="cond" truecount="3" falsecount="0"/>
        <line num="281" count="16" type="cond" truecount="1" falsecount="0"/>
        <line num="282" count="14" type="cond" truecount="1" falsecount="0"/>
        <line num="283" count="14" type="cond" truecount="1" falsecount="0"/>
        <line num="284" count="13" type="stmt"/>
        <line num="285" count="34" type="cond" truecount="1" falsecount="0"/>
        <line num="286" count="29" type="stmt"/>
        <line num="287" count="29" type="stmt"/>
        <line num="288" count="29" type="stmt"/>
        <line num="289" count="34" type="stmt"/>
        <line num="291" count="208" type="cond" truecount="1" falsecount="0"/>
        <line num="292" count="17" type="stmt"/>
        <line num="293" count="17" type="cond" truecount="2" falsecount="0"/>
        <line num="294" count="17" type="cond" truecount="1" falsecount="0"/>
        <line num="295" count="1" type="stmt"/>
        <line num="296" count="17" type="cond" truecount="2" falsecount="0"/>
        <line num="297" count="12" type="stmt"/>
        <line num="298" count="12" type="stmt"/>
        <line num="299" count="17" type="stmt"/>
        <line num="301" count="17" type="stmt"/>
        <line num="302" count="17" type="cond" truecount="1" falsecount="0"/>
        <line num="303" count="17" type="cond" truecount="1" falsecount="0"/>
        <line num="304" count="16" type="cond" truecount="1" falsecount="0"/>
        <line num="305" count="3" type="stmt"/>
        <line num="306" count="3" type="stmt"/>
        <line num="307" count="16" type="cond" truecount="2" falsecount="0"/>
        <line num="308" count="3" type="stmt"/>
        <line num="309" count="3" type="stmt"/>
        <line num="310" count="16" type="stmt"/>
        <line num="311" count="17" type="stmt"/>
        <line num="313" count="208" type="cond" truecount="1" falsecount="0"/>
        <line num="314" count="3" type="stmt"/>
        <line num="315" count="3" type="cond" truecount="0" falsecount="1"/>
        <line num="316" count="3" type="cond" truecount="0" falsecount="1"/>
        <line num="317" count="0" type="stmt"/>
        <line num="318" count="3" type="cond" truecount="1" falsecount="0"/>
        <line num="319" count="2" type="stmt"/>
        <line num="320" count="2" type="stmt"/>
        <line num="321" count="3" type="stmt"/>
        <line num="323" count="3" type="stmt"/>
        <line num="324" count="3" type="cond" truecount="1" falsecount="0"/>
        <line num="325" count="3" type="cond" truecount="1" falsecount="0"/>
        <line num="326" count="1" type="stmt"/>
        <line num="327" count="1" type="stmt"/>
        <line num="328" count="3" type="stmt"/>
        <line num="330" count="208" type="cond" truecount="1" falsecount="0"/>
        <line num="331" count="12" type="stmt"/>
        <line num="332" count="12" type="cond" truecount="2" falsecount="0"/>
        <line num="333" count="9" type="stmt"/>
        <line num="334" count="9" type="cond" truecount="1" falsecount="1"/>
        <line num="336" count="9" type="stmt"/>
        <line num="337" count="12" type="cond" truecount="1" falsecount="0"/>
        <line num="338" count="2" type="cond" truecount="2" falsecount="0"/>
        <line num="339" count="2" type="stmt"/>
        <line num="340" count="12" type="cond" truecount="1" falsecount="0"/>
        <line num="341" count="7" type="cond" truecount="0" falsecount="1"/>
        <line num="342" count="7" type="stmt"/>
        <line num="343" count="7" type="cond" truecount="1" falsecount="0"/>
        <line num="344" count="9" type="stmt"/>
        <line num="345" count="12" type="stmt"/>
        <line num="347" count="208" type="cond" truecount="1" falsecount="0"/>
        <line num="348" count="14" type="cond" truecount="0" falsecount="1"/>
        <line num="349" count="14" type="stmt"/>
        <line num="350" count="14" type="cond" truecount="1" falsecount="0"/>
        <line num="351" count="10" type="cond" truecount="2" falsecount="0"/>
        <line num="352" count="10" type="stmt"/>
        <line num="353" count="14" type="cond" truecount="1" falsecount="0"/>
        <line num="354" count="4" type="cond" truecount="2" falsecount="0"/>
        <line num="355" count="4" type="stmt"/>
        <line num="356" count="14" type="stmt"/>
        <line num="357" count="14" type="stmt"/>
        <line num="359" count="208" type="cond" truecount="1" falsecount="0"/>
        <line num="360" count="15" type="stmt"/>
        <line num="361" count="15" type="stmt"/>
        <line num="362" count="15" type="stmt"/>
        <line num="363" count="15" type="cond" truecount="1" falsecount="0"/>
        <line num="364" count="15" type="cond" truecount="1" falsecount="0"/>
        <line num="365" count="15" type="cond" truecount="2" falsecount="0"/>
        <line num="366" count="2" type="cond" truecount="1" falsecount="0"/>
        <line num="367" count="2" type="cond" truecount="1" falsecount="0"/>
        <line num="368" count="2" type="stmt"/>
        <line num="369" count="15" type="stmt"/>
        <line num="371" count="208" type="cond" truecount="1" falsecount="0"/>
        <line num="372" count="6" type="cond" truecount="2" falsecount="0"/>
        <line num="373" count="6" type="stmt"/>
        <line num="375" count="208" type="cond" truecount="1" falsecount="0"/>
        <line num="376" count="19" type="cond" truecount="2" falsecount="0"/>
        <line num="377" count="19" type="cond" truecount="1" falsecount="1"/>
        <line num="379" count="12" type="stmt"/>
        <line num="380" count="19" type="cond" truecount="1" falsecount="1"/>
        <line num="382" count="12" type="stmt"/>
        <line num="383" count="19" type="stmt"/>
        <line num="385" count="208" type="cond" truecount="1" falsecount="0"/>
        <line num="386" count="3" type="cond" truecount="0" falsecount="1"/>
        <line num="387" count="3" type="cond" truecount="1" falsecount="0"/>
        <line num="388" count="2" type="cond" truecount="2" falsecount="0"/>
        <line num="389" count="1" type="stmt"/>
        <line num="390" count="1" type="stmt"/>
        <line num="392" count="1" type="stmt"/>
        <line num="393" count="1" type="cond" truecount="1" falsecount="0"/>
        <line num="395" count="1" type="stmt"/>
        <line num="396" count="1" type="stmt"/>
        <line num="397" count="1" type="stmt"/>
        <line num="398" count="1" type="cond" truecount="0" falsecount="1"/>
        <line num="399" count="1" type="stmt"/>
        <line num="400" count="1" type="cond" truecount="0" falsecount="1"/>
        <line num="402" count="3" type="cond" truecount="0" falsecount="1"/>
        <line num="403" count="3" type="stmt"/>
        <line num="405" count="208" type="cond" truecount="1" falsecount="0"/>
        <line num="406" count="1" type="cond" truecount="0" falsecount="1"/>
        <line num="407" count="1" type="cond" truecount="0" falsecount="1"/>
        <line num="409" count="1" type="cond" truecount="0" falsecount="1"/>
        <line num="410" count="1" type="stmt"/>
        <line num="412" count="208" type="cond" truecount="1" falsecount="0"/>
        <line num="413" count="19" type="stmt"/>
        <line num="414" count="19" type="cond" truecount="4" falsecount="0"/>
        <line num="416" count="12" type="stmt"/>
        <line num="417" count="19" type="cond" truecount="1" falsecount="1"/>
        <line num="419" count="12" type="stmt"/>
        <line num="420" count="12" type="stmt"/>
        <line num="421" count="12" type="cond" truecount="1" falsecount="0"/>
        <line num="422" count="1" type="cond" truecount="1" falsecount="0"/>
        <line num="423" count="11" type="cond" truecount="1" falsecount="0"/>
        <line num="424" count="1" type="cond" truecount="1" falsecount="0"/>
        <line num="425" count="10" type="stmt"/>
        <line num="426" count="19" type="cond" truecount="1" falsecount="0"/>
        <line num="427" count="4" type="cond" truecount="2" falsecount="0"/>
        <line num="428" count="1" type="cond" truecount="0" falsecount="1"/>
        <line num="429" count="0" type="stmt"/>
        <line num="430" count="0" type="stmt"/>
        <line num="431" count="0" type="stmt"/>
        <line num="433" count="0" type="stmt"/>
        <line num="434" count="0" type="stmt"/>
        <line num="436" count="1" type="stmt"/>
        <line num="437" count="1" type="stmt"/>
        <line num="438" count="1" type="stmt"/>
        <line num="439" count="1" type="stmt"/>
        <line num="440" count="1" type="cond" truecount="1" falsecount="0"/>
        <line num="442" count="4" type="cond" truecount="2" falsecount="0"/>
        <line num="443" count="1" type="stmt"/>
        <line num="444" count="1" type="stmt"/>
        <line num="445" count="1" type="cond" truecount="0" falsecount="1"/>
        <line num="447" count="1" type="stmt"/>
        <line num="448" count="1" type="cond" truecount="1" falsecount="0"/>
        <line num="450" count="2" type="stmt"/>
        <line num="451" count="2" type="stmt"/>
        <line num="452" count="2" type="stmt"/>
        <line num="453" count="2" type="stmt"/>
        <line num="454" count="2" type="cond" truecount="1" falsecount="0"/>
        <line num="456" count="8" type="stmt"/>
        <line num="457" count="19" type="cond" truecount="2" falsecount="0"/>
        <line num="459" count="5" type="stmt"/>
        <line num="460" count="19" type="stmt"/>
        <line num="462" count="208" type="cond" truecount="1" falsecount="0"/>
        <line num="463" count="28" type="cond" truecount="0" falsecount="1"/>
        <line num="464" count="28" type="stmt"/>
        <line num="465" count="28" type="cond" truecount="1" falsecount="0"/>
        <line num="466" count="27" type="stmt"/>
        <line num="467" count="28" type="cond" truecount="1" falsecount="0"/>
        <line num="468" count="9" type="stmt"/>
        <line num="469" count="9" type="cond" truecount="1" falsecount="0"/>
        <line num="471" count="19" type="stmt"/>
        <line num="472" count="19" type="stmt"/>
        <line num="473" count="19" type="stmt"/>
        <line num="474" count="28" type="cond" truecount="3" falsecount="0"/>
        <line num="475" count="1" type="cond" truecount="1" falsecount="0"/>
        <line num="476" count="18" type="stmt"/>
        <line num="477" count="28" type="stmt"/>
        <line num="478" count="28" type="stmt"/>
        <line num="479" count="28" type="stmt"/>
        <line num="480" count="28" type="stmt"/>
        <line num="481" count="28" type="cond" truecount="2" falsecount="0"/>
        <line num="482" count="28" type="stmt"/>
        <line num="483" count="28" type="stmt"/>
        <line num="485" count="28" type="cond" truecount="1" falsecount="0"/>
        <line num="486" count="11" type="stmt"/>
        <line num="487" count="11" type="stmt"/>
        <line num="488" count="28" type="stmt"/>
        <line num="490" count="208" type="cond" truecount="1" falsecount="0"/>
        <line num="491" count="3" type="cond" truecount="0" falsecount="1"/>
        <line num="492" count="3" type="cond" truecount="3" falsecount="0"/>
        <line num="494" count="2" type="stmt"/>
        <line num="495" count="2" type="cond" truecount="1" falsecount="0"/>
        <line num="497" count="1" type="stmt"/>
        <line num="498" count="3" type="stmt"/>
        <line num="499" count="3" type="stmt"/>
        <line num="501" count="208" type="stmt"/>
        <line num="502" count="208" type="stmt"/>
        <line num="503" count="208" type="stmt"/>
        <line num="505" count="208" type="stmt"/>
        <line num="506" count="208" type="stmt"/>
        <line num="507" count="208" type="stmt"/>
        <line num="508" count="208" type="stmt"/>
        <line num="509" count="208" type="stmt"/>
        <line num="510" count="208" type="stmt"/>
        <line num="511" count="208" type="stmt"/>
        <line num="512" count="208" type="stmt"/>
        <line num="513" count="208" type="cond" truecount="1" falsecount="0"/>
        <line num="514" count="208" type="cond" truecount="1" falsecount="0"/>
        <line num="515" count="208" type="stmt"/>
        <line num="516" count="208" type="stmt"/>
        <line num="517" count="208" type="stmt"/>
        <line num="519" count="208" type="stmt"/>
        <line num="520" count="208" type="stmt"/>
        <line num="521" count="208" type="stmt"/>
        <line num="522" count="208" type="stmt"/>
        <line num="523" count="208" type="stmt"/>
        <line num="524" count="208" type="stmt"/>
        <line num="525" count="208" type="stmt"/>
        <line num="526" count="208" type="stmt"/>
        <line num="527" count="208" type="stmt"/>
        <line num="528" count="208" type="stmt"/>
        <line num="529" count="208" type="stmt"/>
        <line num="530" count="208" type="stmt"/>
        <line num="531" count="208" type="cond" truecount="3" falsecount="0"/>
        <line num="532" count="208" type="cond" truecount="2" falsecount="0"/>
        <line num="533" count="208" type="stmt"/>
        <line num="534" count="208" type="stmt"/>
        <line num="535" count="208" type="stmt"/>
        <line num="536" count="208" type="stmt"/>
        <line num="537" count="208" type="cond" truecount="1" falsecount="0"/>
        <line num="538" count="208" type="cond" truecount="1" falsecount="0"/>
        <line num="539" count="208" type="cond" truecount="1" falsecount="0"/>
        <line num="540" count="208" type="stmt"/>
        <line num="541" count="208" type="stmt"/>
        <line num="542" count="208" type="stmt"/>
        <line num="543" count="208" type="stmt"/>
        <line num="544" count="208" type="stmt"/>
        <line num="545" count="208" type="stmt"/>
        <line num="546" count="208" type="stmt"/>
        <line num="547" count="208" type="stmt"/>
        <line num="548" count="208" type="cond" truecount="1" falsecount="0"/>
        <line num="549" count="208" type="stmt"/>
        <line num="550" count="208" type="stmt"/>
        <line num="551" count="208" type="cond" truecount="1" falsecount="0"/>
        <line num="552" count="208" type="stmt"/>
        <line num="553" count="208" type="stmt"/>
        <line num="554" count="208" type="stmt"/>
        <line num="555" count="208" type="cond" truecount="1" falsecount="0"/>
        <line num="556" count="208" type="cond" truecount="1" falsecount="0"/>
        <line num="557" count="208" type="cond" truecount="1" falsecount="0"/>
        <line num="558" count="208" type="stmt"/>
        <line num="559" count="208" type="stmt"/>
        <line num="560" count="208" type="stmt"/>
        <line num="561" count="208" type="cond" truecount="1" falsecount="0"/>
        <line num="562" count="15" type="stmt"/>
        <line num="563" count="15" type="stmt"/>
        <line num="564" count="15" type="stmt"/>
        <line num="565" count="15" type="stmt"/>
        <line num="566" count="15" type="stmt"/>
        <line num="567" count="15" type="stmt"/>
        <line num="568" count="15" type="stmt"/>
        <line num="569" count="15" type="stmt"/>
        <line num="570" count="15" type="stmt"/>
        <line num="571" count="15" type="stmt"/>
        <line num="572" count="15" type="stmt"/>
        <line num="573" count="15" type="stmt"/>
        <line num="574" count="15" type="stmt"/>
        <line num="575" count="15" type="cond" truecount="1" falsecount="0"/>
        <line num="576" count="15" type="cond" truecount="1" falsecount="0"/>
        <line num="577" count="15" type="cond" truecount="1" falsecount="0"/>
        <line num="578" count="15" type="stmt"/>
        <line num="579" count="15" type="stmt"/>
        <line num="580" count="15" type="stmt"/>
        <line num="581" count="15" type="stmt"/>
        <line num="583" count="208" type="cond" truecount="1" falsecount="0"/>
        <line num="584" count="48" type="stmt"/>
        <line num="585" count="48" type="stmt"/>
        <line num="586" count="48" type="stmt"/>
        <line num="587" count="48" type="stmt"/>
        <line num="588" count="48" type="stmt"/>
        <line num="589" count="48" type="cond" truecount="1" falsecount="0"/>
        <line num="590" count="3" type="cond" truecount="2" falsecount="0"/>
        <line num="591" count="3" type="stmt"/>
        <line num="592" count="3" type="stmt"/>
        <line num="593" count="3" type="stmt"/>
        <line num="594" count="3" type="stmt"/>
        <line num="595" count="48" type="stmt"/>
        <line num="596" count="48" type="cond" truecount="2" falsecount="0"/>
        <line num="598" count="48" type="cond" truecount="2" falsecount="0"/>
        <line num="599" count="48" type="stmt"/>
        <line num="601" count="208" type="stmt"/>
        <line num="603" count="208" type="stmt"/>
        <line num="604" count="1" type="stmt"/>
        <line num="606" count="1" type="stmt"/>
      </file>
    </package>
    <package name="time-input.src.lib">
      <metrics statements="5" coveredstatements="5" conditionals="1" coveredconditionals="1" methods="1" coveredmethods="1"/>
      <file name="utils.ts" path="/Users/kaylee/workspace/time-input/src/lib/utils.ts">
        <metrics statements="5" coveredstatements="5" conditionals="1" coveredconditionals="1" methods="1" coveredmethods="1"/>
        <line num="1" count="1" type="stmt"/>
        <line num="2" count="1" type="stmt"/>
        <line num="4" count="1" type="cond" truecount="1" falsecount="0"/>
        <line num="5" count="208" type="stmt"/>
        <line num="6" count="208" type="stmt"/>
      </file>
    </package>
  </project>
</coverage>
