{"/Users/kaylee/workspace/time-input/next.config.ts": {"path":"/Users/kaylee/workspace/time-input/next.config.ts","all":true,"statementMap":{"2":{"start":{"line":3,"column":0},"end":{"line":3,"column":28}},"3":{"start":{"line":4,"column":0},"end":{"line":4,"column":23}},"4":{"start":{"line":5,"column":0},"end":{"line":5,"column":1}},"6":{"start":{"line":7,"column":0},"end":{"line":7,"column":21}}},"s":{"2":0,"3":0,"4":0,"6":0},"branchMap":{"0":{"type":"branch","line":1,"loc":{"start":{"line":1,"column":117},"end":{"line":7,"column":21}},"locations":[{"start":{"line":1,"column":117},"end":{"line":7,"column":21}}]}},"b":{"0":[1]},"fnMap":{"0":{"name":"(empty-report)","decl":{"start":{"line":1,"column":117},"end":{"line":7,"column":21}},"loc":{"start":{"line":1,"column":117},"end":{"line":7,"column":21}},"line":1}},"f":{"0":1}}
,"/Users/kaylee/workspace/time-input/postcss.config.mjs": {"path":"/Users/kaylee/workspace/time-input/postcss.config.mjs","all":true,"statementMap":{"0":{"start":{"line":1,"column":0},"end":{"line":1,"column":16}},"1":{"start":{"line":2,"column":0},"end":{"line":2,"column":12}},"2":{"start":{"line":3,"column":0},"end":{"line":3,"column":20}},"3":{"start":{"line":4,"column":0},"end":{"line":4,"column":21}},"4":{"start":{"line":5,"column":0},"end":{"line":5,"column":4}},"5":{"start":{"line":6,"column":0},"end":{"line":6,"column":1}},"7":{"start":{"line":8,"column":0},"end":{"line":8,"column":21}}},"s":{"0":0,"1":0,"2":0,"3":0,"4":0,"5":0,"7":0},"branchMap":{"0":{"type":"branch","line":1,"loc":{"start":{"line":1,"column":102},"end":{"line":8,"column":21}},"locations":[{"start":{"line":1,"column":102},"end":{"line":8,"column":21}}]}},"b":{"0":[0]},"fnMap":{"0":{"name":"(empty-report)","decl":{"start":{"line":1,"column":102},"end":{"line":8,"column":21}},"loc":{"start":{"line":1,"column":102},"end":{"line":8,"column":21}},"line":1}},"f":{"0":0}}
,"/Users/kaylee/workspace/time-input/tailwind.config.ts": {"path":"/Users/kaylee/workspace/time-input/tailwind.config.ts","all":true,"statementMap":{"2":{"start":{"line":3,"column":0},"end":{"line":3,"column":24}},"3":{"start":{"line":4,"column":0},"end":{"line":4,"column":22}},"4":{"start":{"line":5,"column":0},"end":{"line":5,"column":12}},"5":{"start":{"line":6,"column":0},"end":{"line":6,"column":43}},"6":{"start":{"line":7,"column":0},"end":{"line":7,"column":48}},"7":{"start":{"line":8,"column":0},"end":{"line":8,"column":41}},"8":{"start":{"line":9,"column":0},"end":{"line":9,"column":4}},"9":{"start":{"line":10,"column":0},"end":{"line":10,"column":10}},"10":{"start":{"line":11,"column":0},"end":{"line":11,"column":16}},"11":{"start":{"line":12,"column":0},"end":{"line":12,"column":19}},"12":{"start":{"line":13,"column":0},"end":{"line":13,"column":22}},"13":{"start":{"line":14,"column":0},"end":{"line":14,"column":35}},"14":{"start":{"line":15,"column":0},"end":{"line":15,"column":6}},"15":{"start":{"line":16,"column":0},"end":{"line":16,"column":13}},"16":{"start":{"line":17,"column":0},"end":{"line":17,"column":15}},"17":{"start":{"line":18,"column":0},"end":{"line":18,"column":37}},"18":{"start":{"line":19,"column":0},"end":{"line":19,"column":35}},"19":{"start":{"line":20,"column":0},"end":{"line":20,"column":33}},"20":{"start":{"line":21,"column":0},"end":{"line":21,"column":45}},"21":{"start":{"line":22,"column":0},"end":{"line":22,"column":45}},"22":{"start":{"line":23,"column":0},"end":{"line":23,"column":18}},"23":{"start":{"line":24,"column":0},"end":{"line":24,"column":41}},"24":{"start":{"line":25,"column":0},"end":{"line":25,"column":55}},"25":{"start":{"line":26,"column":0},"end":{"line":26,"column":10}},"26":{"start":{"line":27,"column":0},"end":{"line":27,"column":20}},"27":{"start":{"line":28,"column":0},"end":{"line":28,"column":43}},"28":{"start":{"line":29,"column":0},"end":{"line":29,"column":57}},"29":{"start":{"line":30,"column":0},"end":{"line":30,"column":10}},"30":{"start":{"line":31,"column":0},"end":{"line":31,"column":22}},"31":{"start":{"line":32,"column":0},"end":{"line":32,"column":45}},"32":{"start":{"line":33,"column":0},"end":{"line":33,"column":59}},"33":{"start":{"line":34,"column":0},"end":{"line":34,"column":10}},"34":{"start":{"line":35,"column":0},"end":{"line":35,"column":16}},"35":{"start":{"line":36,"column":0},"end":{"line":36,"column":39}},"36":{"start":{"line":37,"column":0},"end":{"line":37,"column":53}},"37":{"start":{"line":38,"column":0},"end":{"line":38,"column":10}},"38":{"start":{"line":39,"column":0},"end":{"line":39,"column":17}},"39":{"start":{"line":40,"column":0},"end":{"line":40,"column":40}},"40":{"start":{"line":41,"column":0},"end":{"line":41,"column":54}},"41":{"start":{"line":42,"column":0},"end":{"line":42,"column":10}},"42":{"start":{"line":43,"column":0},"end":{"line":43,"column":18}},"43":{"start":{"line":44,"column":0},"end":{"line":44,"column":41}},"44":{"start":{"line":45,"column":0},"end":{"line":45,"column":55}},"45":{"start":{"line":46,"column":0},"end":{"line":46,"column":10}},"46":{"start":{"line":47,"column":0},"end":{"line":47,"column":15}},"47":{"start":{"line":48,"column":0},"end":{"line":48,"column":38}},"48":{"start":{"line":49,"column":0},"end":{"line":49,"column":52}},"49":{"start":{"line":50,"column":0},"end":{"line":50,"column":10}},"50":{"start":{"line":51,"column":0},"end":{"line":51,"column":8}},"51":{"start":{"line":52,"column":0},"end":{"line":52,"column":21}},"52":{"start":{"line":53,"column":0},"end":{"line":53,"column":28}},"53":{"start":{"line":54,"column":0},"end":{"line":54,"column":40}},"54":{"start":{"line":55,"column":0},"end":{"line":55,"column":40}},"55":{"start":{"line":56,"column":0},"end":{"line":56,"column":8}},"56":{"start":{"line":57,"column":0},"end":{"line":57,"column":6}},"57":{"start":{"line":58,"column":0},"end":{"line":58,"column":4}},"58":{"start":{"line":59,"column":0},"end":{"line":59,"column":14}},"59":{"start":{"line":60,"column":0},"end":{"line":60,"column":1}},"61":{"start":{"line":62,"column":0},"end":{"line":62,"column":21}}},"s":{"2":0,"3":0,"4":0,"5":0,"6":0,"7":0,"8":0,"9":0,"10":0,"11":0,"12":0,"13":0,"14":0,"15":0,"16":0,"17":0,"18":0,"19":0,"20":0,"21":0,"22":0,"23":0,"24":0,"25":0,"26":0,"27":0,"28":0,"29":0,"30":0,"31":0,"32":0,"33":0,"34":0,"35":0,"36":0,"37":0,"38":0,"39":0,"40":0,"41":0,"42":0,"43":0,"44":0,"45":0,"46":0,"47":0,"48":0,"49":0,"50":0,"51":0,"52":0,"53":0,"54":0,"55":0,"56":0,"57":0,"58":0,"59":0,"61":0},"branchMap":{"0":{"type":"branch","line":1,"loc":{"start":{"line":1,"column":1686},"end":{"line":62,"column":21}},"locations":[{"start":{"line":1,"column":1686},"end":{"line":62,"column":21}}]}},"b":{"0":[1]},"fnMap":{"0":{"name":"(empty-report)","decl":{"start":{"line":1,"column":1686},"end":{"line":62,"column":21}},"loc":{"start":{"line":1,"column":1686},"end":{"line":62,"column":21}},"line":1}},"f":{"0":1}}
,"/Users/kaylee/workspace/time-input/dist-tw-config/tailwind.config.js": {"path":"/Users/kaylee/workspace/time-input/dist-tw-config/tailwind.config.js","all":true,"statementMap":{"0":{"start":{"line":1,"column":0},"end":{"line":1,"column":13}},"1":{"start":{"line":2,"column":0},"end":{"line":2,"column":62}},"2":{"start":{"line":3,"column":0},"end":{"line":3,"column":14}},"3":{"start":{"line":4,"column":0},"end":{"line":4,"column":24}},"4":{"start":{"line":5,"column":0},"end":{"line":5,"column":14}},"5":{"start":{"line":6,"column":0},"end":{"line":6,"column":47}},"6":{"start":{"line":7,"column":0},"end":{"line":7,"column":52}},"7":{"start":{"line":8,"column":0},"end":{"line":8,"column":45}},"8":{"start":{"line":9,"column":0},"end":{"line":9,"column":6}},"9":{"start":{"line":10,"column":0},"end":{"line":10,"column":12}},"10":{"start":{"line":11,"column":0},"end":{"line":11,"column":20}},"11":{"start":{"line":12,"column":0},"end":{"line":12,"column":25}},"12":{"start":{"line":13,"column":0},"end":{"line":13,"column":28}},"13":{"start":{"line":14,"column":0},"end":{"line":14,"column":41}},"14":{"start":{"line":15,"column":0},"end":{"line":15,"column":10}},"15":{"start":{"line":16,"column":0},"end":{"line":16,"column":17}},"16":{"start":{"line":17,"column":0},"end":{"line":17,"column":21}},"17":{"start":{"line":18,"column":0},"end":{"line":18,"column":45}},"18":{"start":{"line":19,"column":0},"end":{"line":19,"column":43}},"19":{"start":{"line":20,"column":0},"end":{"line":20,"column":41}},"20":{"start":{"line":21,"column":0},"end":{"line":21,"column":53}},"21":{"start":{"line":22,"column":0},"end":{"line":22,"column":53}},"22":{"start":{"line":23,"column":0},"end":{"line":23,"column":26}},"23":{"start":{"line":24,"column":0},"end":{"line":24,"column":51}},"24":{"start":{"line":25,"column":0},"end":{"line":25,"column":65}},"25":{"start":{"line":26,"column":0},"end":{"line":26,"column":18}},"26":{"start":{"line":27,"column":0},"end":{"line":27,"column":28}},"27":{"start":{"line":28,"column":0},"end":{"line":28,"column":53}},"28":{"start":{"line":29,"column":0},"end":{"line":29,"column":67}},"29":{"start":{"line":30,"column":0},"end":{"line":30,"column":18}},"30":{"start":{"line":31,"column":0},"end":{"line":31,"column":30}},"31":{"start":{"line":32,"column":0},"end":{"line":32,"column":55}},"32":{"start":{"line":33,"column":0},"end":{"line":33,"column":69}},"33":{"start":{"line":34,"column":0},"end":{"line":34,"column":18}},"34":{"start":{"line":35,"column":0},"end":{"line":35,"column":24}},"35":{"start":{"line":36,"column":0},"end":{"line":36,"column":49}},"36":{"start":{"line":37,"column":0},"end":{"line":37,"column":63}},"37":{"start":{"line":38,"column":0},"end":{"line":38,"column":18}},"38":{"start":{"line":39,"column":0},"end":{"line":39,"column":25}},"39":{"start":{"line":40,"column":0},"end":{"line":40,"column":50}},"40":{"start":{"line":41,"column":0},"end":{"line":41,"column":64}},"41":{"start":{"line":42,"column":0},"end":{"line":42,"column":18}},"42":{"start":{"line":43,"column":0},"end":{"line":43,"column":26}},"43":{"start":{"line":44,"column":0},"end":{"line":44,"column":51}},"44":{"start":{"line":45,"column":0},"end":{"line":45,"column":65}},"45":{"start":{"line":46,"column":0},"end":{"line":46,"column":18}},"46":{"start":{"line":47,"column":0},"end":{"line":47,"column":23}},"47":{"start":{"line":48,"column":0},"end":{"line":48,"column":48}},"48":{"start":{"line":49,"column":0},"end":{"line":49,"column":62}},"49":{"start":{"line":50,"column":0},"end":{"line":50,"column":18}},"50":{"start":{"line":51,"column":0},"end":{"line":51,"column":14}},"51":{"start":{"line":52,"column":0},"end":{"line":52,"column":27}},"52":{"start":{"line":53,"column":0},"end":{"line":53,"column":36}},"53":{"start":{"line":54,"column":0},"end":{"line":54,"column":48}},"54":{"start":{"line":55,"column":0},"end":{"line":55,"column":48}},"55":{"start":{"line":56,"column":0},"end":{"line":56,"column":14}},"56":{"start":{"line":57,"column":0},"end":{"line":57,"column":10}},"57":{"start":{"line":58,"column":0},"end":{"line":58,"column":6}},"58":{"start":{"line":59,"column":0},"end":{"line":59,"column":16}},"59":{"start":{"line":60,"column":0},"end":{"line":60,"column":2}},"60":{"start":{"line":61,"column":0},"end":{"line":61,"column":25}}},"s":{"0":0,"1":0,"2":0,"3":0,"4":0,"5":0,"6":0,"7":0,"8":0,"9":0,"10":0,"11":0,"12":0,"13":0,"14":0,"15":0,"16":0,"17":0,"18":0,"19":0,"20":0,"21":0,"22":0,"23":0,"24":0,"25":0,"26":0,"27":0,"28":0,"29":0,"30":0,"31":0,"32":0,"33":0,"34":0,"35":0,"36":0,"37":0,"38":0,"39":0,"40":0,"41":0,"42":0,"43":0,"44":0,"45":0,"46":0,"47":0,"48":0,"49":0,"50":0,"51":0,"52":0,"53":0,"54":0,"55":0,"56":0,"57":0,"58":0,"59":0,"60":0},"branchMap":{"0":{"type":"branch","line":1,"loc":{"start":{"line":1,"column":2112},"end":{"line":61,"column":25}},"locations":[{"start":{"line":1,"column":2112},"end":{"line":61,"column":25}}]}},"b":{"0":[0]},"fnMap":{"0":{"name":"(empty-report)","decl":{"start":{"line":1,"column":2112},"end":{"line":61,"column":25}},"loc":{"start":{"line":1,"column":2112},"end":{"line":61,"column":25}},"line":1}},"f":{"0":0}}
,"/Users/kaylee/workspace/time-input/scripts/build-registry.ts": {"path":"/Users/kaylee/workspace/time-input/scripts/build-registry.ts","all":true,"statementMap":{"0":{"start":{"line":1,"column":0},"end":{"line":1,"column":48}},"1":{"start":{"line":2,"column":0},"end":{"line":2,"column":27}},"3":{"start":{"line":4,"column":0},"end":{"line":4,"column":26}},"5":{"start":{"line":6,"column":0},"end":{"line":6,"column":29}},"6":{"start":{"line":7,"column":0},"end":{"line":7,"column":49}},"7":{"start":{"line":8,"column":0},"end":{"line":8,"column":9}},"8":{"start":{"line":9,"column":0},"end":{"line":9,"column":1}},"10":{"start":{"line":11,"column":0},"end":{"line":11,"column":14}},"11":{"start":{"line":12,"column":0},"end":{"line":12,"column":61}},"12":{"start":{"line":13,"column":0},"end":{"line":13,"column":21}},"13":{"start":{"line":14,"column":0},"end":{"line":14,"column":22}},"14":{"start":{"line":15,"column":0},"end":{"line":15,"column":22}},"15":{"start":{"line":16,"column":0},"end":{"line":16,"column":14}},"16":{"start":{"line":17,"column":0},"end":{"line":17,"column":148}},"17":{"start":{"line":18,"column":0},"end":{"line":18,"column":45}},"18":{"start":{"line":19,"column":0},"end":{"line":19,"column":34}},"19":{"start":{"line":20,"column":0},"end":{"line":20,"column":10}},"20":{"start":{"line":21,"column":0},"end":{"line":21,"column":5}},"21":{"start":{"line":22,"column":0},"end":{"line":22,"column":43}},"22":{"start":{"line":23,"column":0},"end":{"line":23,"column":14}},"23":{"start":{"line":24,"column":0},"end":{"line":24,"column":26}},"24":{"start":{"line":25,"column":0},"end":{"line":25,"column":17}},"25":{"start":{"line":26,"column":0},"end":{"line":26,"column":6}},"26":{"start":{"line":27,"column":0},"end":{"line":27,"column":4}},"27":{"start":{"line":28,"column":0},"end":{"line":28,"column":15}},"28":{"start":{"line":29,"column":0},"end":{"line":29,"column":14}},"29":{"start":{"line":30,"column":0},"end":{"line":30,"column":1}},"31":{"start":{"line":32,"column":0},"end":{"line":32,"column":54}},"32":{"start":{"line":33,"column":0},"end":{"line":33,"column":53}},"33":{"start":{"line":34,"column":0},"end":{"line":34,"column":50}}},"s":{"0":0,"1":0,"3":0,"5":0,"6":0,"7":0,"8":0,"10":0,"11":0,"12":0,"13":0,"14":0,"15":0,"16":0,"17":0,"18":0,"19":0,"20":0,"21":0,"22":0,"23":0,"24":0,"25":0,"26":0,"27":0,"28":0,"29":0,"31":0,"32":0,"33":0},"branchMap":{"0":{"type":"branch","line":1,"loc":{"start":{"line":1,"column":0},"end":{"line":34,"column":-128}},"locations":[{"start":{"line":1,"column":0},"end":{"line":34,"column":-128}}]}},"b":{"0":[0]},"fnMap":{"0":{"name":"(empty-report)","decl":{"start":{"line":1,"column":0},"end":{"line":34,"column":-128}},"loc":{"start":{"line":1,"column":0},"end":{"line":34,"column":-128}},"line":1}},"f":{"0":0}}
,"/Users/kaylee/workspace/time-input/src/app/demo.tsx": {"path":"/Users/kaylee/workspace/time-input/src/app/demo.tsx","all":true,"statementMap":{"2":{"start":{"line":3,"column":0},"end":{"line":3,"column":30}},"3":{"start":{"line":4,"column":0},"end":{"line":4,"column":42}},"4":{"start":{"line":5,"column":0},"end":{"line":5,"column":54}},"6":{"start":{"line":7,"column":0},"end":{"line":7,"column":58}},"7":{"start":{"line":8,"column":0},"end":{"line":8,"column":51}},"8":{"start":{"line":9,"column":0},"end":{"line":9,"column":48}},"10":{"start":{"line":11,"column":0},"end":{"line":11,"column":25}},"11":{"start":{"line":12,"column":0},"end":{"line":12,"column":48}},"12":{"start":{"line":13,"column":0},"end":{"line":13,"column":19}},"13":{"start":{"line":14,"column":0},"end":{"line":14,"column":44}},"14":{"start":{"line":15,"column":0},"end":{"line":15,"column":3}},"16":{"start":{"line":17,"column":0},"end":{"line":17,"column":10}},"17":{"start":{"line":18,"column":0},"end":{"line":18,"column":117}},"18":{"start":{"line":19,"column":0},"end":{"line":19,"column":73}},"19":{"start":{"line":20,"column":0},"end":{"line":20,"column":13}},"20":{"start":{"line":21,"column":0},"end":{"line":21,"column":22}},"21":{"start":{"line":22,"column":0},"end":{"line":22,"column":181}},"22":{"start":{"line":23,"column":0},"end":{"line":23,"column":41}},"24":{"start":{"line":25,"column":0},"end":{"line":25,"column":79}},"25":{"start":{"line":26,"column":0},"end":{"line":26,"column":15}},"26":{"start":{"line":27,"column":0},"end":{"line":27,"column":10}},"28":{"start":{"line":29,"column":0},"end":{"line":29,"column":1}},"30":{"start":{"line":31,"column":0},"end":{"line":31,"column":35}},"31":{"start":{"line":32,"column":0},"end":{"line":32,"column":55}},"32":{"start":{"line":33,"column":0},"end":{"line":33,"column":55}},"33":{"start":{"line":34,"column":0},"end":{"line":34,"column":60}},"35":{"start":{"line":36,"column":0},"end":{"line":36,"column":10}},"36":{"start":{"line":37,"column":0},"end":{"line":37,"column":47}},"37":{"start":{"line":38,"column":0},"end":{"line":38,"column":48}},"38":{"start":{"line":39,"column":0},"end":{"line":39,"column":59}},"39":{"start":{"line":40,"column":0},"end":{"line":40,"column":17}},"40":{"start":{"line":41,"column":0},"end":{"line":41,"column":48}},"41":{"start":{"line":42,"column":0},"end":{"line":42,"column":72}},"42":{"start":{"line":43,"column":0},"end":{"line":43,"column":17}},"43":{"start":{"line":44,"column":0},"end":{"line":44,"column":54}},"44":{"start":{"line":45,"column":0},"end":{"line":45,"column":73}},"45":{"start":{"line":46,"column":0},"end":{"line":46,"column":17}},"46":{"start":{"line":47,"column":0},"end":{"line":47,"column":10}},"48":{"start":{"line":49,"column":0},"end":{"line":49,"column":1}},"50":{"start":{"line":51,"column":0},"end":{"line":51,"column":19}},"51":{"start":{"line":52,"column":0},"end":{"line":52,"column":8}},"52":{"start":{"line":53,"column":0},"end":{"line":53,"column":8}},"53":{"start":{"line":54,"column":0},"end":{"line":54,"column":11}},"54":{"start":{"line":55,"column":0},"end":{"line":55,"column":4}},"58":{"start":{"line":59,"column":0},"end":{"line":59,"column":4}},"59":{"start":{"line":60,"column":0},"end":{"line":60,"column":10}},"60":{"start":{"line":61,"column":0},"end":{"line":61,"column":41}},"61":{"start":{"line":62,"column":0},"end":{"line":62,"column":87}},"62":{"start":{"line":63,"column":0},"end":{"line":63,"column":15}},"63":{"start":{"line":64,"column":0},"end":{"line":64,"column":10}},"64":{"start":{"line":65,"column":0},"end":{"line":65,"column":16}},"65":{"start":{"line":66,"column":0},"end":{"line":66,"column":61}},"66":{"start":{"line":67,"column":0},"end":{"line":67,"column":71}},"67":{"start":{"line":68,"column":0},"end":{"line":68,"column":10}},"68":{"start":{"line":69,"column":0},"end":{"line":69,"column":10}},"70":{"start":{"line":71,"column":0},"end":{"line":71,"column":1}},"72":{"start":{"line":73,"column":0},"end":{"line":73,"column":32}},"73":{"start":{"line":74,"column":0},"end":{"line":74,"column":10}},"74":{"start":{"line":75,"column":0},"end":{"line":75,"column":41}},"75":{"start":{"line":76,"column":0},"end":{"line":76,"column":33}},"76":{"start":{"line":77,"column":0},"end":{"line":77,"column":42}},"77":{"start":{"line":78,"column":0},"end":{"line":78,"column":12}},"78":{"start":{"line":79,"column":0},"end":{"line":79,"column":27}},"79":{"start":{"line":80,"column":0},"end":{"line":80,"column":55}},"80":{"start":{"line":81,"column":0},"end":{"line":81,"column":12}},"81":{"start":{"line":82,"column":0},"end":{"line":82,"column":32}},"82":{"start":{"line":83,"column":0},"end":{"line":83,"column":57}},"83":{"start":{"line":84,"column":0},"end":{"line":84,"column":12}},"84":{"start":{"line":85,"column":0},"end":{"line":85,"column":33}},"85":{"start":{"line":86,"column":0},"end":{"line":86,"column":70}},"86":{"start":{"line":87,"column":0},"end":{"line":87,"column":12}},"87":{"start":{"line":88,"column":0},"end":{"line":88,"column":38}},"88":{"start":{"line":89,"column":0},"end":{"line":89,"column":38}},"89":{"start":{"line":90,"column":0},"end":{"line":90,"column":12}},"90":{"start":{"line":91,"column":0},"end":{"line":91,"column":36}},"91":{"start":{"line":92,"column":0},"end":{"line":92,"column":60}},"92":{"start":{"line":93,"column":0},"end":{"line":93,"column":12}},"93":{"start":{"line":94,"column":0},"end":{"line":94,"column":33}},"94":{"start":{"line":95,"column":0},"end":{"line":95,"column":68}},"95":{"start":{"line":96,"column":0},"end":{"line":96,"column":12}},"96":{"start":{"line":97,"column":0},"end":{"line":97,"column":31}},"97":{"start":{"line":98,"column":0},"end":{"line":98,"column":18}},"98":{"start":{"line":99,"column":0},"end":{"line":99,"column":35}},"99":{"start":{"line":100,"column":0},"end":{"line":100,"column":34}},"100":{"start":{"line":101,"column":0},"end":{"line":101,"column":30}},"101":{"start":{"line":102,"column":0},"end":{"line":102,"column":10}},"102":{"start":{"line":103,"column":0},"end":{"line":103,"column":12}},"103":{"start":{"line":104,"column":0},"end":{"line":104,"column":33}},"104":{"start":{"line":105,"column":0},"end":{"line":105,"column":18}},"105":{"start":{"line":106,"column":0},"end":{"line":106,"column":35}},"106":{"start":{"line":107,"column":0},"end":{"line":107,"column":33}},"107":{"start":{"line":108,"column":0},"end":{"line":108,"column":30}},"108":{"start":{"line":109,"column":0},"end":{"line":109,"column":10}},"109":{"start":{"line":110,"column":0},"end":{"line":110,"column":12}},"110":{"start":{"line":111,"column":0},"end":{"line":111,"column":38}},"111":{"start":{"line":112,"column":0},"end":{"line":112,"column":18}},"112":{"start":{"line":113,"column":0},"end":{"line":113,"column":35}},"113":{"start":{"line":114,"column":0},"end":{"line":114,"column":31}},"114":{"start":{"line":115,"column":0},"end":{"line":115,"column":30}},"115":{"start":{"line":116,"column":0},"end":{"line":116,"column":10}},"116":{"start":{"line":117,"column":0},"end":{"line":117,"column":12}},"117":{"start":{"line":118,"column":0},"end":{"line":118,"column":43}},"118":{"start":{"line":119,"column":0},"end":{"line":119,"column":83}},"119":{"start":{"line":120,"column":0},"end":{"line":120,"column":12}},"120":{"start":{"line":121,"column":0},"end":{"line":121,"column":36}},"121":{"start":{"line":122,"column":0},"end":{"line":122,"column":83}},"122":{"start":{"line":123,"column":0},"end":{"line":123,"column":12}},"123":{"start":{"line":124,"column":0},"end":{"line":124,"column":28}},"124":{"start":{"line":125,"column":0},"end":{"line":125,"column":51}},"125":{"start":{"line":126,"column":0},"end":{"line":126,"column":12}},"126":{"start":{"line":127,"column":0},"end":{"line":127,"column":10}},"128":{"start":{"line":129,"column":0},"end":{"line":129,"column":1}},"130":{"start":{"line":131,"column":0},"end":{"line":131,"column":30}},"131":{"start":{"line":132,"column":0},"end":{"line":132,"column":10}},"132":{"start":{"line":133,"column":0},"end":{"line":133,"column":41}},"133":{"start":{"line":134,"column":0},"end":{"line":134,"column":43}},"134":{"start":{"line":135,"column":0},"end":{"line":135,"column":27}},"135":{"start":{"line":136,"column":0},"end":{"line":136,"column":72}},"136":{"start":{"line":137,"column":0},"end":{"line":137,"column":14}},"137":{"start":{"line":138,"column":0},"end":{"line":138,"column":27}},"138":{"start":{"line":139,"column":0},"end":{"line":139,"column":72}},"139":{"start":{"line":140,"column":0},"end":{"line":140,"column":14}},"140":{"start":{"line":141,"column":0},"end":{"line":141,"column":27}},"141":{"start":{"line":142,"column":0},"end":{"line":142,"column":72}},"142":{"start":{"line":143,"column":0},"end":{"line":143,"column":14}},"143":{"start":{"line":144,"column":0},"end":{"line":144,"column":27}},"144":{"start":{"line":145,"column":0},"end":{"line":145,"column":72}},"145":{"start":{"line":146,"column":0},"end":{"line":146,"column":14}},"146":{"start":{"line":147,"column":0},"end":{"line":147,"column":27}},"147":{"start":{"line":148,"column":0},"end":{"line":148,"column":72}},"148":{"start":{"line":149,"column":0},"end":{"line":149,"column":14}},"149":{"start":{"line":150,"column":0},"end":{"line":150,"column":34}},"150":{"start":{"line":151,"column":0},"end":{"line":151,"column":20}},"151":{"start":{"line":152,"column":0},"end":{"line":152,"column":24}},"152":{"start":{"line":153,"column":0},"end":{"line":153,"column":56}},"153":{"start":{"line":154,"column":0},"end":{"line":154,"column":32}},"154":{"start":{"line":155,"column":0},"end":{"line":155,"column":12}},"155":{"start":{"line":156,"column":0},"end":{"line":156,"column":14}},"156":{"start":{"line":157,"column":0},"end":{"line":157,"column":12}},"157":{"start":{"line":158,"column":0},"end":{"line":158,"column":51}},"158":{"start":{"line":159,"column":0},"end":{"line":159,"column":80}},"159":{"start":{"line":160,"column":0},"end":{"line":160,"column":89}},"160":{"start":{"line":161,"column":0},"end":{"line":161,"column":87}},"161":{"start":{"line":162,"column":0},"end":{"line":162,"column":57}},"162":{"start":{"line":163,"column":0},"end":{"line":163,"column":79}},"163":{"start":{"line":164,"column":0},"end":{"line":164,"column":10}},"164":{"start":{"line":165,"column":0},"end":{"line":165,"column":10}},"166":{"start":{"line":167,"column":0},"end":{"line":167,"column":1}},"168":{"start":{"line":169,"column":0},"end":{"line":169,"column":36}},"169":{"start":{"line":170,"column":0},"end":{"line":170,"column":10}},"170":{"start":{"line":171,"column":0},"end":{"line":171,"column":41}},"171":{"start":{"line":172,"column":0},"end":{"line":172,"column":43}},"172":{"start":{"line":173,"column":0},"end":{"line":173,"column":35}},"173":{"start":{"line":174,"column":0},"end":{"line":174,"column":44}},"174":{"start":{"line":175,"column":0},"end":{"line":175,"column":14}},"175":{"start":{"line":176,"column":0},"end":{"line":176,"column":24}},"176":{"start":{"line":177,"column":0},"end":{"line":177,"column":57}},"177":{"start":{"line":178,"column":0},"end":{"line":178,"column":14}},"178":{"start":{"line":179,"column":0},"end":{"line":179,"column":12}},"179":{"start":{"line":180,"column":0},"end":{"line":180,"column":51}},"180":{"start":{"line":181,"column":0},"end":{"line":181,"column":86}},"183":{"start":{"line":184,"column":0},"end":{"line":184,"column":10}},"184":{"start":{"line":185,"column":0},"end":{"line":185,"column":10}},"186":{"start":{"line":187,"column":0},"end":{"line":187,"column":1}},"188":{"start":{"line":189,"column":0},"end":{"line":189,"column":29}},"189":{"start":{"line":190,"column":0},"end":{"line":190,"column":10}},"190":{"start":{"line":191,"column":0},"end":{"line":191,"column":41}},"191":{"start":{"line":192,"column":0},"end":{"line":192,"column":22}},"192":{"start":{"line":193,"column":0},"end":{"line":193,"column":52}},"193":{"start":{"line":194,"column":0},"end":{"line":194,"column":12}},"194":{"start":{"line":195,"column":0},"end":{"line":195,"column":27}},"195":{"start":{"line":196,"column":0},"end":{"line":196,"column":57}},"196":{"start":{"line":197,"column":0},"end":{"line":197,"column":12}},"197":{"start":{"line":198,"column":0},"end":{"line":198,"column":22}},"198":{"start":{"line":199,"column":0},"end":{"line":199,"column":52}},"199":{"start":{"line":200,"column":0},"end":{"line":200,"column":12}},"200":{"start":{"line":201,"column":0},"end":{"line":201,"column":10}},"202":{"start":{"line":203,"column":0},"end":{"line":203,"column":1}},"204":{"start":{"line":205,"column":0},"end":{"line":205,"column":81}},"205":{"start":{"line":206,"column":0},"end":{"line":206,"column":10}},"206":{"start":{"line":207,"column":0},"end":{"line":207,"column":45}},"207":{"start":{"line":208,"column":0},"end":{"line":208,"column":92}},"208":{"start":{"line":209,"column":0},"end":{"line":209,"column":16}},"209":{"start":{"line":210,"column":0},"end":{"line":210,"column":10}},"211":{"start":{"line":212,"column":0},"end":{"line":212,"column":1}}},"s":{"2":0,"3":0,"4":0,"6":0,"7":0,"8":0,"10":0,"11":0,"12":0,"13":0,"14":0,"16":0,"17":0,"18":0,"19":0,"20":0,"21":0,"22":0,"24":0,"25":0,"26":0,"28":0,"30":0,"31":0,"32":0,"33":0,"35":0,"36":0,"37":0,"38":0,"39":0,"40":0,"41":0,"42":0,"43":0,"44":0,"45":0,"46":0,"48":0,"50":0,"51":0,"52":0,"53":0,"54":0,"58":0,"59":0,"60":0,"61":0,"62":0,"63":0,"64":0,"65":0,"66":0,"67":0,"68":0,"70":0,"72":0,"73":0,"74":0,"75":0,"76":0,"77":0,"78":0,"79":0,"80":0,"81":0,"82":0,"83":0,"84":0,"85":0,"86":0,"87":0,"88":0,"89":0,"90":0,"91":0,"92":0,"93":0,"94":0,"95":0,"96":0,"97":0,"98":0,"99":0,"100":0,"101":0,"102":0,"103":0,"104":0,"105":0,"106":0,"107":0,"108":0,"109":0,"110":0,"111":0,"112":0,"113":0,"114":0,"115":0,"116":0,"117":0,"118":0,"119":0,"120":0,"121":0,"122":0,"123":0,"124":0,"125":0,"126":0,"128":0,"130":0,"131":0,"132":0,"133":0,"134":0,"135":0,"136":0,"137":0,"138":0,"139":0,"140":0,"141":0,"142":0,"143":0,"144":0,"145":0,"146":0,"147":0,"148":0,"149":0,"150":0,"151":0,"152":0,"153":0,"154":0,"155":0,"156":0,"157":0,"158":0,"159":0,"160":0,"161":0,"162":0,"163":0,"164":0,"166":0,"168":0,"169":0,"170":0,"171":0,"172":0,"173":0,"174":0,"175":0,"176":0,"177":0,"178":0,"179":0,"180":0,"183":0,"184":0,"186":0,"188":0,"189":0,"190":0,"191":0,"192":0,"193":0,"194":0,"195":0,"196":0,"197":0,"198":0,"199":0,"200":0,"202":0,"204":0,"205":0,"206":0,"207":0,"208":0,"209":0,"211":0},"branchMap":{"0":{"type":"branch","line":1,"loc":{"start":{"line":1,"column":6643},"end":{"line":212,"column":1}},"locations":[{"start":{"line":1,"column":6643},"end":{"line":212,"column":1}}]}},"b":{"0":[1]},"fnMap":{"0":{"name":"(empty-report)","decl":{"start":{"line":1,"column":6643},"end":{"line":212,"column":1}},"loc":{"start":{"line":1,"column":6643},"end":{"line":212,"column":1}},"line":1}},"f":{"0":1}}
,"/Users/kaylee/workspace/time-input/src/app/layout.tsx": {"path":"/Users/kaylee/workspace/time-input/src/app/layout.tsx","all":true,"statementMap":{"1":{"start":{"line":2,"column":0},"end":{"line":2,"column":40}},"2":{"start":{"line":3,"column":0},"end":{"line":3,"column":22}},"4":{"start":{"line":5,"column":0},"end":{"line":5,"column":43}},"6":{"start":{"line":7,"column":0},"end":{"line":7,"column":35}},"7":{"start":{"line":8,"column":0},"end":{"line":8,"column":10}},"8":{"start":{"line":9,"column":0},"end":{"line":9,"column":57}},"9":{"start":{"line":10,"column":0},"end":{"line":10,"column":32}},"10":{"start":{"line":11,"column":0},"end":{"line":11,"column":4}},"11":{"start":{"line":12,"column":0},"end":{"line":12,"column":14}},"12":{"start":{"line":13,"column":0},"end":{"line":13,"column":138}},"13":{"start":{"line":14,"column":0},"end":{"line":14,"column":1}},"15":{"start":{"line":16,"column":0},"end":{"line":16,"column":36}},"16":{"start":{"line":17,"column":0},"end":{"line":17,"column":11}},"17":{"start":{"line":18,"column":0},"end":{"line":18,"column":4}},"19":{"start":{"line":20,"column":0},"end":{"line":20,"column":4}},"20":{"start":{"line":21,"column":0},"end":{"line":21,"column":10}},"21":{"start":{"line":22,"column":0},"end":{"line":22,"column":45}},"22":{"start":{"line":23,"column":0},"end":{"line":23,"column":57}},"23":{"start":{"line":24,"column":0},"end":{"line":24,"column":11}},"25":{"start":{"line":26,"column":0},"end":{"line":26,"column":1}}},"s":{"1":0,"2":0,"4":0,"6":0,"7":0,"8":0,"9":0,"10":0,"11":0,"12":0,"13":0,"15":0,"16":0,"17":0,"19":0,"20":0,"21":0,"22":0,"23":0,"25":0},"branchMap":{"0":{"type":"branch","line":1,"loc":{"start":{"line":1,"column":666},"end":{"line":26,"column":1}},"locations":[{"start":{"line":1,"column":666},"end":{"line":26,"column":1}}]}},"b":{"0":[1]},"fnMap":{"0":{"name":"(empty-report)","decl":{"start":{"line":1,"column":666},"end":{"line":26,"column":1}},"loc":{"start":{"line":1,"column":666},"end":{"line":26,"column":1}},"line":1}},"f":{"0":1}}
,"/Users/kaylee/workspace/time-input/src/app/page.tsx": {"path":"/Users/kaylee/workspace/time-input/src/app/page.tsx","all":true,"statementMap":{"0":{"start":{"line":1,"column":0},"end":{"line":1,"column":111}},"2":{"start":{"line":3,"column":0},"end":{"line":3,"column":48}},"3":{"start":{"line":4,"column":0},"end":{"line":4,"column":54}},"4":{"start":{"line":5,"column":0},"end":{"line":5,"column":45}},"6":{"start":{"line":7,"column":0},"end":{"line":7,"column":85}},"7":{"start":{"line":8,"column":0},"end":{"line":8,"column":10}},"8":{"start":{"line":9,"column":0},"end":{"line":9,"column":45}},"9":{"start":{"line":10,"column":0},"end":{"line":10,"column":90}},"10":{"start":{"line":11,"column":0},"end":{"line":11,"column":15}},"11":{"start":{"line":12,"column":0},"end":{"line":12,"column":11}},"12":{"start":{"line":13,"column":0},"end":{"line":13,"column":16}},"13":{"start":{"line":14,"column":0},"end":{"line":14,"column":14}},"15":{"start":{"line":16,"column":0},"end":{"line":16,"column":1}},"17":{"start":{"line":18,"column":0},"end":{"line":18,"column":56}},"18":{"start":{"line":19,"column":0},"end":{"line":19,"column":10}},"19":{"start":{"line":20,"column":0},"end":{"line":20,"column":115}},"20":{"start":{"line":21,"column":0},"end":{"line":21,"column":29}},"21":{"start":{"line":22,"column":0},"end":{"line":22,"column":10}},"23":{"start":{"line":24,"column":0},"end":{"line":24,"column":1}},"25":{"start":{"line":26,"column":0},"end":{"line":26,"column":32}},"26":{"start":{"line":27,"column":0},"end":{"line":27,"column":10}},"27":{"start":{"line":28,"column":0},"end":{"line":28,"column":51}},"28":{"start":{"line":29,"column":0},"end":{"line":29,"column":44}},"31":{"start":{"line":32,"column":0},"end":{"line":32,"column":45}},"32":{"start":{"line":33,"column":0},"end":{"line":33,"column":53}},"33":{"start":{"line":34,"column":0},"end":{"line":34,"column":77}},"34":{"start":{"line":35,"column":0},"end":{"line":35,"column":114}},"36":{"start":{"line":37,"column":0},"end":{"line":37,"column":19}},"37":{"start":{"line":38,"column":0},"end":{"line":38,"column":16}},"38":{"start":{"line":39,"column":0},"end":{"line":39,"column":47}},"41":{"start":{"line":42,"column":0},"end":{"line":42,"column":124}},"42":{"start":{"line":43,"column":0},"end":{"line":43,"column":14}},"43":{"start":{"line":44,"column":0},"end":{"line":44,"column":14}},"46":{"start":{"line":47,"column":0},"end":{"line":47,"column":33}},"47":{"start":{"line":48,"column":0},"end":{"line":48,"column":47}},"48":{"start":{"line":49,"column":0},"end":{"line":49,"column":55}},"49":{"start":{"line":50,"column":0},"end":{"line":50,"column":111}},"50":{"start":{"line":51,"column":0},"end":{"line":51,"column":104}},"51":{"start":{"line":52,"column":0},"end":{"line":52,"column":14}},"52":{"start":{"line":53,"column":0},"end":{"line":53,"column":18}},"55":{"start":{"line":56,"column":0},"end":{"line":56,"column":35}},"56":{"start":{"line":57,"column":0},"end":{"line":57,"column":29}},"57":{"start":{"line":58,"column":0},"end":{"line":58,"column":18}},"60":{"start":{"line":61,"column":0},"end":{"line":61,"column":34}},"61":{"start":{"line":62,"column":0},"end":{"line":62,"column":26}},"62":{"start":{"line":63,"column":0},"end":{"line":63,"column":18}},"65":{"start":{"line":66,"column":0},"end":{"line":66,"column":38}},"66":{"start":{"line":67,"column":0},"end":{"line":67,"column":24}},"67":{"start":{"line":68,"column":0},"end":{"line":68,"column":18}},"70":{"start":{"line":71,"column":0},"end":{"line":71,"column":40}},"71":{"start":{"line":72,"column":0},"end":{"line":72,"column":30}},"72":{"start":{"line":73,"column":0},"end":{"line":73,"column":18}},"75":{"start":{"line":76,"column":0},"end":{"line":76,"column":31}},"76":{"start":{"line":77,"column":0},"end":{"line":77,"column":23}},"77":{"start":{"line":78,"column":0},"end":{"line":78,"column":18}},"80":{"start":{"line":81,"column":0},"end":{"line":81,"column":31}},"81":{"start":{"line":82,"column":0},"end":{"line":82,"column":77}},"147":{"start":{"line":148,"column":0},"end":{"line":148,"column":16}},"148":{"start":{"line":149,"column":0},"end":{"line":149,"column":18}},"151":{"start":{"line":152,"column":0},"end":{"line":152,"column":34}},"152":{"start":{"line":153,"column":0},"end":{"line":153,"column":75}},"153":{"start":{"line":154,"column":0},"end":{"line":154,"column":46}},"154":{"start":{"line":155,"column":0},"end":{"line":155,"column":21}},"155":{"start":{"line":156,"column":0},"end":{"line":156,"column":18}},"156":{"start":{"line":157,"column":0},"end":{"line":157,"column":74}},"157":{"start":{"line":158,"column":0},"end":{"line":158,"column":54}},"158":{"start":{"line":159,"column":0},"end":{"line":159,"column":64}},"159":{"start":{"line":160,"column":0},"end":{"line":160,"column":80}},"160":{"start":{"line":161,"column":0},"end":{"line":161,"column":73}},"161":{"start":{"line":162,"column":0},"end":{"line":162,"column":40}},"162":{"start":{"line":163,"column":0},"end":{"line":163,"column":81}},"163":{"start":{"line":164,"column":0},"end":{"line":164,"column":104}},"164":{"start":{"line":165,"column":0},"end":{"line":165,"column":27}},"165":{"start":{"line":166,"column":0},"end":{"line":166,"column":25}},"166":{"start":{"line":167,"column":0},"end":{"line":167,"column":87}},"167":{"start":{"line":168,"column":0},"end":{"line":168,"column":23}},"168":{"start":{"line":169,"column":0},"end":{"line":169,"column":19}},"169":{"start":{"line":170,"column":0},"end":{"line":170,"column":22}},"170":{"start":{"line":171,"column":0},"end":{"line":171,"column":20}},"171":{"start":{"line":172,"column":0},"end":{"line":172,"column":16}},"172":{"start":{"line":173,"column":0},"end":{"line":173,"column":18}},"175":{"start":{"line":176,"column":0},"end":{"line":176,"column":31}},"176":{"start":{"line":177,"column":0},"end":{"line":177,"column":75}},"177":{"start":{"line":178,"column":0},"end":{"line":178,"column":46}},"178":{"start":{"line":179,"column":0},"end":{"line":179,"column":21}},"179":{"start":{"line":180,"column":0},"end":{"line":180,"column":67}},"180":{"start":{"line":181,"column":0},"end":{"line":181,"column":87}},"181":{"start":{"line":182,"column":0},"end":{"line":182,"column":87}},"182":{"start":{"line":183,"column":0},"end":{"line":183,"column":90}},"183":{"start":{"line":184,"column":0},"end":{"line":184,"column":21}},"184":{"start":{"line":185,"column":0},"end":{"line":185,"column":22}},"185":{"start":{"line":186,"column":0},"end":{"line":186,"column":21}},"186":{"start":{"line":187,"column":0},"end":{"line":187,"column":18}},"187":{"start":{"line":188,"column":0},"end":{"line":188,"column":43}},"188":{"start":{"line":189,"column":0},"end":{"line":189,"column":50}},"189":{"start":{"line":190,"column":0},"end":{"line":190,"column":63}},"190":{"start":{"line":191,"column":0},"end":{"line":191,"column":55}},"191":{"start":{"line":192,"column":0},"end":{"line":192,"column":54}},"192":{"start":{"line":193,"column":0},"end":{"line":193,"column":49}},"193":{"start":{"line":194,"column":0},"end":{"line":194,"column":64}},"194":{"start":{"line":195,"column":0},"end":{"line":195,"column":59}},"195":{"start":{"line":196,"column":0},"end":{"line":196,"column":84}},"196":{"start":{"line":197,"column":0},"end":{"line":197,"column":64}},"197":{"start":{"line":198,"column":0},"end":{"line":198,"column":61}},"198":{"start":{"line":199,"column":0},"end":{"line":199,"column":55}},"199":{"start":{"line":200,"column":0},"end":{"line":200,"column":44}},"200":{"start":{"line":201,"column":0},"end":{"line":201,"column":70}},"201":{"start":{"line":202,"column":0},"end":{"line":202,"column":55}},"202":{"start":{"line":203,"column":0},"end":{"line":203,"column":51}},"203":{"start":{"line":204,"column":0},"end":{"line":204,"column":67}},"204":{"start":{"line":205,"column":0},"end":{"line":205,"column":42}},"205":{"start":{"line":206,"column":0},"end":{"line":206,"column":47}},"206":{"start":{"line":207,"column":0},"end":{"line":207,"column":46}},"207":{"start":{"line":208,"column":0},"end":{"line":208,"column":82}},"208":{"start":{"line":209,"column":0},"end":{"line":209,"column":75}},"209":{"start":{"line":210,"column":0},"end":{"line":210,"column":97}},"210":{"start":{"line":211,"column":0},"end":{"line":211,"column":96}},"211":{"start":{"line":212,"column":0},"end":{"line":212,"column":23}},"212":{"start":{"line":213,"column":0},"end":{"line":213,"column":19}},"213":{"start":{"line":214,"column":0},"end":{"line":214,"column":22}},"214":{"start":{"line":215,"column":0},"end":{"line":215,"column":20}},"215":{"start":{"line":216,"column":0},"end":{"line":216,"column":16}},"216":{"start":{"line":217,"column":0},"end":{"line":217,"column":18}},"219":{"start":{"line":220,"column":0},"end":{"line":220,"column":53}},"220":{"start":{"line":221,"column":0},"end":{"line":221,"column":105}},"221":{"start":{"line":222,"column":0},"end":{"line":222,"column":88}},"222":{"start":{"line":223,"column":0},"end":{"line":223,"column":122}},"224":{"start":{"line":225,"column":0},"end":{"line":225,"column":12}},"225":{"start":{"line":226,"column":0},"end":{"line":226,"column":12}},"226":{"start":{"line":227,"column":0},"end":{"line":227,"column":11}},"228":{"start":{"line":229,"column":0},"end":{"line":229,"column":1}}},"s":{"0":0,"2":0,"3":0,"4":0,"6":0,"7":0,"8":0,"9":0,"10":0,"11":0,"12":0,"13":0,"15":0,"17":0,"18":0,"19":0,"20":0,"21":0,"23":0,"25":0,"26":0,"27":0,"28":0,"31":0,"32":0,"33":0,"34":0,"36":0,"37":0,"38":0,"41":0,"42":0,"43":0,"46":0,"47":0,"48":0,"49":0,"50":0,"51":0,"52":0,"55":0,"56":0,"57":0,"60":0,"61":0,"62":0,"65":0,"66":0,"67":0,"70":0,"71":0,"72":0,"75":0,"76":0,"77":0,"80":0,"81":0,"147":0,"148":0,"151":0,"152":0,"153":0,"154":0,"155":0,"156":0,"157":0,"158":0,"159":0,"160":0,"161":0,"162":0,"163":0,"164":0,"165":0,"166":0,"167":0,"168":0,"169":0,"170":0,"171":0,"172":0,"175":0,"176":0,"177":0,"178":0,"179":0,"180":0,"181":0,"182":0,"183":0,"184":0,"185":0,"186":0,"187":0,"188":0,"189":0,"190":0,"191":0,"192":0,"193":0,"194":0,"195":0,"196":0,"197":0,"198":0,"199":0,"200":0,"201":0,"202":0,"203":0,"204":0,"205":0,"206":0,"207":0,"208":0,"209":0,"210":0,"211":0,"212":0,"213":0,"214":0,"215":0,"216":0,"219":0,"220":0,"221":0,"222":0,"224":0,"225":0,"226":0,"228":0},"branchMap":{"0":{"type":"branch","line":1,"loc":{"start":{"line":1,"column":8426},"end":{"line":229,"column":1}},"locations":[{"start":{"line":1,"column":8426},"end":{"line":229,"column":1}}]}},"b":{"0":[0]},"fnMap":{"0":{"name":"(empty-report)","decl":{"start":{"line":1,"column":8426},"end":{"line":229,"column":1}},"loc":{"start":{"line":1,"column":8426},"end":{"line":229,"column":1}},"line":1}},"f":{"0":0}}
,"/Users/kaylee/workspace/time-input/src/components/ui/time-input.tsx": {"path":"/Users/kaylee/workspace/time-input/src/components/ui/time-input.tsx","all":false,"statementMap":{"2":{"start":{"line":3,"column":0},"end":{"line":3,"column":30}},"3":{"start":{"line":4,"column":0},"end":{"line":4,"column":65}},"4":{"start":{"line":5,"column":0},"end":{"line":5,"column":32}},"6":{"start":{"line":7,"column":0},"end":{"line":7,"column":30}},"7":{"start":{"line":8,"column":0},"end":{"line":8,"column":212}},"8":{"start":{"line":9,"column":0},"end":{"line":9,"column":3}},"9":{"start":{"line":10,"column":0},"end":{"line":10,"column":15}},"10":{"start":{"line":11,"column":0},"end":{"line":11,"column":13}},"11":{"start":{"line":12,"column":0},"end":{"line":12,"column":25}},"12":{"start":{"line":13,"column":0},"end":{"line":13,"column":29}},"13":{"start":{"line":14,"column":0},"end":{"line":14,"column":34}},"14":{"start":{"line":15,"column":0},"end":{"line":15,"column":8}},"15":{"start":{"line":16,"column":0},"end":{"line":16,"column":6}},"16":{"start":{"line":17,"column":0},"end":{"line":17,"column":22}},"17":{"start":{"line":18,"column":0},"end":{"line":18,"column":22}},"18":{"start":{"line":19,"column":0},"end":{"line":19,"column":6}},"19":{"start":{"line":20,"column":0},"end":{"line":20,"column":3}},"20":{"start":{"line":21,"column":0},"end":{"line":21,"column":1}},"32":{"start":{"line":33,"column":0},"end":{"line":33,"column":72}},"33":{"start":{"line":34,"column":0},"end":{"line":34,"column":79}},"34":{"start":{"line":35,"column":0},"end":{"line":35,"column":24}},"36":{"start":{"line":37,"column":0},"end":{"line":37,"column":40}},"37":{"start":{"line":38,"column":0},"end":{"line":38,"column":54}},"38":{"start":{"line":39,"column":0},"end":{"line":39,"column":30}},"39":{"start":{"line":40,"column":0},"end":{"line":40,"column":31}},"41":{"start":{"line":42,"column":0},"end":{"line":42,"column":23}},"42":{"start":{"line":43,"column":0},"end":{"line":43,"column":23}},"43":{"start":{"line":44,"column":0},"end":{"line":44,"column":22}},"44":{"start":{"line":45,"column":0},"end":{"line":45,"column":21}},"45":{"start":{"line":46,"column":0},"end":{"line":46,"column":20}},"46":{"start":{"line":47,"column":0},"end":{"line":47,"column":19}},"47":{"start":{"line":48,"column":0},"end":{"line":48,"column":27}},"48":{"start":{"line":49,"column":0},"end":{"line":49,"column":28}},"49":{"start":{"line":50,"column":0},"end":{"line":50,"column":19}},"50":{"start":{"line":51,"column":0},"end":{"line":51,"column":29}},"51":{"start":{"line":52,"column":0},"end":{"line":52,"column":20}},"52":{"start":{"line":53,"column":0},"end":{"line":53,"column":19}},"53":{"start":{"line":54,"column":0},"end":{"line":54,"column":12}},"54":{"start":{"line":55,"column":0},"end":{"line":55,"column":33}},"55":{"start":{"line":56,"column":0},"end":{"line":56,"column":19}},"56":{"start":{"line":57,"column":0},"end":{"line":57,"column":5}},"57":{"start":{"line":58,"column":0},"end":{"line":58,"column":61}},"58":{"start":{"line":59,"column":0},"end":{"line":59,"column":3}},"60":{"start":{"line":61,"column":0},"end":{"line":61,"column":59}},"61":{"start":{"line":62,"column":0},"end":{"line":62,"column":1}},"63":{"start":{"line":64,"column":0},"end":{"line":64,"column":86}},"64":{"start":{"line":65,"column":0},"end":{"line":65,"column":55}},"66":{"start":{"line":67,"column":0},"end":{"line":67,"column":35}},"67":{"start":{"line":68,"column":0},"end":{"line":68,"column":49}},"68":{"start":{"line":69,"column":0},"end":{"line":69,"column":49}},"70":{"start":{"line":71,"column":0},"end":{"line":71,"column":13}},"71":{"start":{"line":72,"column":0},"end":{"line":72,"column":23}},"72":{"start":{"line":73,"column":0},"end":{"line":73,"column":30}},"73":{"start":{"line":74,"column":0},"end":{"line":74,"column":27}},"74":{"start":{"line":75,"column":0},"end":{"line":75,"column":12}},"75":{"start":{"line":76,"column":0},"end":{"line":76,"column":32}},"76":{"start":{"line":77,"column":0},"end":{"line":77,"column":5}},"77":{"start":{"line":78,"column":0},"end":{"line":78,"column":3}},"79":{"start":{"line":80,"column":0},"end":{"line":80,"column":43}},"80":{"start":{"line":81,"column":0},"end":{"line":81,"column":59}},"81":{"start":{"line":82,"column":0},"end":{"line":82,"column":1}},"83":{"start":{"line":84,"column":0},"end":{"line":84,"column":33}},"84":{"start":{"line":85,"column":0},"end":{"line":85,"column":59}},"85":{"start":{"line":86,"column":0},"end":{"line":86,"column":1}},"136":{"start":{"line":137,"column":0},"end":{"line":137,"column":69}},"137":{"start":{"line":138,"column":0},"end":{"line":138,"column":3}},"138":{"start":{"line":139,"column":0},"end":{"line":139,"column":5}},"139":{"start":{"line":140,"column":0},"end":{"line":140,"column":16}},"140":{"start":{"line":141,"column":0},"end":{"line":141,"column":11}},"141":{"start":{"line":142,"column":0},"end":{"line":142,"column":12}},"142":{"start":{"line":143,"column":0},"end":{"line":143,"column":19}},"143":{"start":{"line":144,"column":0},"end":{"line":144,"column":15}},"144":{"start":{"line":145,"column":0},"end":{"line":145,"column":21}},"145":{"start":{"line":146,"column":0},"end":{"line":146,"column":26}},"146":{"start":{"line":147,"column":0},"end":{"line":147,"column":18}},"147":{"start":{"line":148,"column":0},"end":{"line":148,"column":36}},"148":{"start":{"line":149,"column":0},"end":{"line":149,"column":28}},"149":{"start":{"line":150,"column":0},"end":{"line":150,"column":35}},"150":{"start":{"line":151,"column":0},"end":{"line":151,"column":36}},"151":{"start":{"line":152,"column":0},"end":{"line":152,"column":33}},"152":{"start":{"line":153,"column":0},"end":{"line":153,"column":28}},"153":{"start":{"line":154,"column":0},"end":{"line":154,"column":27}},"154":{"start":{"line":155,"column":0},"end":{"line":155,"column":13}},"155":{"start":{"line":156,"column":0},"end":{"line":156,"column":19}},"156":{"start":{"line":157,"column":0},"end":{"line":157,"column":23}},"157":{"start":{"line":158,"column":0},"end":{"line":158,"column":11}},"158":{"start":{"line":159,"column":0},"end":{"line":159,"column":9}},"159":{"start":{"line":160,"column":0},"end":{"line":160,"column":13}},"160":{"start":{"line":161,"column":0},"end":{"line":161,"column":20}},"161":{"start":{"line":162,"column":0},"end":{"line":162,"column":14}},"162":{"start":{"line":163,"column":0},"end":{"line":163,"column":6}},"163":{"start":{"line":164,"column":0},"end":{"line":164,"column":7}},"164":{"start":{"line":165,"column":0},"end":{"line":165,"column":8}},"165":{"start":{"line":166,"column":0},"end":{"line":166,"column":56}},"166":{"start":{"line":167,"column":0},"end":{"line":167,"column":42}},"167":{"start":{"line":168,"column":0},"end":{"line":168,"column":5}},"168":{"start":{"line":169,"column":0},"end":{"line":169,"column":36}},"169":{"start":{"line":170,"column":0},"end":{"line":170,"column":73}},"170":{"start":{"line":171,"column":0},"end":{"line":171,"column":43}},"172":{"start":{"line":173,"column":0},"end":{"line":173,"column":69}},"173":{"start":{"line":174,"column":0},"end":{"line":174,"column":43}},"174":{"start":{"line":175,"column":0},"end":{"line":175,"column":48}},"175":{"start":{"line":176,"column":0},"end":{"line":176,"column":11}},"176":{"start":{"line":177,"column":0},"end":{"line":177,"column":86}},"177":{"start":{"line":178,"column":0},"end":{"line":178,"column":112}},"178":{"start":{"line":179,"column":0},"end":{"line":179,"column":113}},"179":{"start":{"line":180,"column":0},"end":{"line":180,"column":25}},"180":{"start":{"line":181,"column":0},"end":{"line":181,"column":15}},"181":{"start":{"line":182,"column":0},"end":{"line":182,"column":37}},"182":{"start":{"line":183,"column":0},"end":{"line":183,"column":7}},"183":{"start":{"line":184,"column":0},"end":{"line":184,"column":30}},"185":{"start":{"line":186,"column":0},"end":{"line":186,"column":27}},"186":{"start":{"line":187,"column":0},"end":{"line":187,"column":57}},"187":{"start":{"line":188,"column":0},"end":{"line":188,"column":33}},"188":{"start":{"line":189,"column":0},"end":{"line":189,"column":84}},"189":{"start":{"line":190,"column":0},"end":{"line":190,"column":41}},"190":{"start":{"line":191,"column":0},"end":{"line":191,"column":29}},"191":{"start":{"line":192,"column":0},"end":{"line":192,"column":20}},"192":{"start":{"line":193,"column":0},"end":{"line":193,"column":7}},"193":{"start":{"line":194,"column":0},"end":{"line":194,"column":23}},"195":{"start":{"line":196,"column":0},"end":{"line":196,"column":57}},"196":{"start":{"line":197,"column":0},"end":{"line":197,"column":59}},"197":{"start":{"line":198,"column":0},"end":{"line":198,"column":59}},"198":{"start":{"line":199,"column":0},"end":{"line":199,"column":59}},"202":{"start":{"line":203,"column":0},"end":{"line":203,"column":54}},"203":{"start":{"line":204,"column":0},"end":{"line":204,"column":38}},"204":{"start":{"line":205,"column":0},"end":{"line":205,"column":42}},"205":{"start":{"line":206,"column":0},"end":{"line":206,"column":26}},"207":{"start":{"line":208,"column":0},"end":{"line":208,"column":27}},"209":{"start":{"line":210,"column":0},"end":{"line":210,"column":78}},"210":{"start":{"line":211,"column":0},"end":{"line":211,"column":28}},"211":{"start":{"line":212,"column":0},"end":{"line":212,"column":32}},"212":{"start":{"line":213,"column":0},"end":{"line":213,"column":7}},"213":{"start":{"line":214,"column":0},"end":{"line":214,"column":59}},"215":{"start":{"line":216,"column":0},"end":{"line":216,"column":41}},"216":{"start":{"line":217,"column":0},"end":{"line":217,"column":42}},"217":{"start":{"line":218,"column":0},"end":{"line":218,"column":30}},"218":{"start":{"line":219,"column":0},"end":{"line":219,"column":25}},"219":{"start":{"line":220,"column":0},"end":{"line":220,"column":39}},"222":{"start":{"line":223,"column":0},"end":{"line":223,"column":28}},"223":{"start":{"line":224,"column":0},"end":{"line":224,"column":73}},"224":{"start":{"line":225,"column":0},"end":{"line":225,"column":57}},"225":{"start":{"line":226,"column":0},"end":{"line":226,"column":11}},"226":{"start":{"line":227,"column":0},"end":{"line":227,"column":9}},"227":{"start":{"line":228,"column":0},"end":{"line":228,"column":60}},"228":{"start":{"line":229,"column":0},"end":{"line":229,"column":64}},"229":{"start":{"line":230,"column":0},"end":{"line":230,"column":7}},"230":{"start":{"line":231,"column":0},"end":{"line":231,"column":49}},"231":{"start":{"line":232,"column":0},"end":{"line":232,"column":21}},"233":{"start":{"line":234,"column":0},"end":{"line":234,"column":61}},"234":{"start":{"line":235,"column":0},"end":{"line":235,"column":64}},"235":{"start":{"line":236,"column":0},"end":{"line":236,"column":10}},"236":{"start":{"line":237,"column":0},"end":{"line":237,"column":19}},"237":{"start":{"line":238,"column":0},"end":{"line":238,"column":44}},"238":{"start":{"line":239,"column":0},"end":{"line":239,"column":25}},"239":{"start":{"line":240,"column":0},"end":{"line":240,"column":26}},"240":{"start":{"line":241,"column":0},"end":{"line":241,"column":14}},"241":{"start":{"line":242,"column":0},"end":{"line":242,"column":14}},"243":{"start":{"line":244,"column":0},"end":{"line":244,"column":47}},"244":{"start":{"line":245,"column":0},"end":{"line":245,"column":50}},"245":{"start":{"line":246,"column":0},"end":{"line":246,"column":27}},"246":{"start":{"line":247,"column":0},"end":{"line":247,"column":18}},"247":{"start":{"line":248,"column":0},"end":{"line":248,"column":58}},"248":{"start":{"line":249,"column":0},"end":{"line":249,"column":35}},"249":{"start":{"line":250,"column":0},"end":{"line":250,"column":25}},"250":{"start":{"line":251,"column":0},"end":{"line":251,"column":5}},"252":{"start":{"line":253,"column":0},"end":{"line":253,"column":47}},"253":{"start":{"line":254,"column":0},"end":{"line":254,"column":63}},"255":{"start":{"line":256,"column":0},"end":{"line":256,"column":48}},"256":{"start":{"line":257,"column":0},"end":{"line":257,"column":44}},"257":{"start":{"line":258,"column":0},"end":{"line":258,"column":5}},"259":{"start":{"line":260,"column":0},"end":{"line":260,"column":76}},"260":{"start":{"line":261,"column":0},"end":{"line":261,"column":46}},"262":{"start":{"line":263,"column":0},"end":{"line":263,"column":41}},"263":{"start":{"line":264,"column":0},"end":{"line":264,"column":74}},"264":{"start":{"line":265,"column":0},"end":{"line":265,"column":74}},"266":{"start":{"line":267,"column":0},"end":{"line":267,"column":57}},"267":{"start":{"line":268,"column":0},"end":{"line":268,"column":5}},"269":{"start":{"line":270,"column":0},"end":{"line":270,"column":66}},"270":{"start":{"line":271,"column":0},"end":{"line":271,"column":44}},"271":{"start":{"line":272,"column":0},"end":{"line":272,"column":32}},"272":{"start":{"line":273,"column":0},"end":{"line":273,"column":81}},"273":{"start":{"line":274,"column":0},"end":{"line":274,"column":7}},"274":{"start":{"line":275,"column":0},"end":{"line":275,"column":55}},"275":{"start":{"line":276,"column":0},"end":{"line":276,"column":62}},"277":{"start":{"line":278,"column":0},"end":{"line":278,"column":31}},"278":{"start":{"line":279,"column":0},"end":{"line":279,"column":30}},"279":{"start":{"line":280,"column":0},"end":{"line":280,"column":80}},"280":{"start":{"line":281,"column":0},"end":{"line":281,"column":28}},"281":{"start":{"line":282,"column":0},"end":{"line":282,"column":32}},"282":{"start":{"line":283,"column":0},"end":{"line":283,"column":32}},"283":{"start":{"line":284,"column":0},"end":{"line":284,"column":35}},"284":{"start":{"line":285,"column":0},"end":{"line":285,"column":30}},"285":{"start":{"line":286,"column":0},"end":{"line":286,"column":35}},"286":{"start":{"line":287,"column":0},"end":{"line":287,"column":36}},"287":{"start":{"line":288,"column":0},"end":{"line":288,"column":7}},"288":{"start":{"line":289,"column":0},"end":{"line":289,"column":5}},"290":{"start":{"line":291,"column":0},"end":{"line":291,"column":68}},"291":{"start":{"line":292,"column":0},"end":{"line":292,"column":44}},"292":{"start":{"line":293,"column":0},"end":{"line":293,"column":60}},"293":{"start":{"line":294,"column":0},"end":{"line":294,"column":43}},"294":{"start":{"line":295,"column":0},"end":{"line":295,"column":21}},"295":{"start":{"line":296,"column":0},"end":{"line":296,"column":39}},"296":{"start":{"line":297,"column":0},"end":{"line":297,"column":77}},"297":{"start":{"line":298,"column":0},"end":{"line":298,"column":7}},"298":{"start":{"line":299,"column":0},"end":{"line":299,"column":33}},"300":{"start":{"line":301,"column":0},"end":{"line":301,"column":21}},"301":{"start":{"line":302,"column":0},"end":{"line":302,"column":80}},"302":{"start":{"line":303,"column":0},"end":{"line":303,"column":20}},"303":{"start":{"line":304,"column":0},"end":{"line":304,"column":26}},"304":{"start":{"line":305,"column":0},"end":{"line":305,"column":37}},"305":{"start":{"line":306,"column":0},"end":{"line":306,"column":38}},"306":{"start":{"line":307,"column":0},"end":{"line":307,"column":38}},"307":{"start":{"line":308,"column":0},"end":{"line":308,"column":36}},"308":{"start":{"line":309,"column":0},"end":{"line":309,"column":9}},"309":{"start":{"line":310,"column":0},"end":{"line":310,"column":7}},"310":{"start":{"line":311,"column":0},"end":{"line":311,"column":5}},"312":{"start":{"line":313,"column":0},"end":{"line":313,"column":68}},"313":{"start":{"line":314,"column":0},"end":{"line":314,"column":44}},"314":{"start":{"line":315,"column":0},"end":{"line":315,"column":60}},"315":{"start":{"line":316,"column":0},"end":{"line":316,"column":43}},"316":{"start":{"line":317,"column":0},"end":{"line":317,"column":21}},"317":{"start":{"line":318,"column":0},"end":{"line":318,"column":39}},"318":{"start":{"line":319,"column":0},"end":{"line":319,"column":77}},"319":{"start":{"line":320,"column":0},"end":{"line":320,"column":7}},"320":{"start":{"line":321,"column":0},"end":{"line":321,"column":33}},"322":{"start":{"line":323,"column":0},"end":{"line":323,"column":21}},"323":{"start":{"line":324,"column":0},"end":{"line":324,"column":80}},"324":{"start":{"line":325,"column":0},"end":{"line":325,"column":40}},"325":{"start":{"line":326,"column":0},"end":{"line":326,"column":34}},"326":{"start":{"line":327,"column":0},"end":{"line":327,"column":7}},"327":{"start":{"line":328,"column":0},"end":{"line":328,"column":5}},"329":{"start":{"line":330,"column":0},"end":{"line":330,"column":58}},"330":{"start":{"line":331,"column":0},"end":{"line":331,"column":39}},"331":{"start":{"line":332,"column":0},"end":{"line":332,"column":22}},"332":{"start":{"line":333,"column":0},"end":{"line":333,"column":33}},"333":{"start":{"line":334,"column":0},"end":{"line":334,"column":26}},"335":{"start":{"line":336,"column":0},"end":{"line":336,"column":25}},"336":{"start":{"line":337,"column":0},"end":{"line":337,"column":30}},"337":{"start":{"line":338,"column":0},"end":{"line":338,"column":44}},"338":{"start":{"line":339,"column":0},"end":{"line":339,"column":53}},"339":{"start":{"line":340,"column":0},"end":{"line":340,"column":14}},"340":{"start":{"line":341,"column":0},"end":{"line":341,"column":62}},"341":{"start":{"line":342,"column":0},"end":{"line":342,"column":47}},"342":{"start":{"line":343,"column":0},"end":{"line":343,"column":7}},"343":{"start":{"line":344,"column":0},"end":{"line":344,"column":59}},"344":{"start":{"line":345,"column":0},"end":{"line":345,"column":5}},"346":{"start":{"line":347,"column":0},"end":{"line":347,"column":72}},"347":{"start":{"line":348,"column":0},"end":{"line":348,"column":60}},"348":{"start":{"line":349,"column":0},"end":{"line":349,"column":22}},"349":{"start":{"line":350,"column":0},"end":{"line":350,"column":30}},"350":{"start":{"line":351,"column":0},"end":{"line":351,"column":44}},"351":{"start":{"line":352,"column":0},"end":{"line":352,"column":84}},"352":{"start":{"line":353,"column":0},"end":{"line":353,"column":14}},"353":{"start":{"line":354,"column":0},"end":{"line":354,"column":76}},"354":{"start":{"line":355,"column":0},"end":{"line":355,"column":7}},"355":{"start":{"line":356,"column":0},"end":{"line":356,"column":56}},"356":{"start":{"line":357,"column":0},"end":{"line":357,"column":5}},"358":{"start":{"line":359,"column":0},"end":{"line":359,"column":27}},"359":{"start":{"line":360,"column":0},"end":{"line":360,"column":47}},"360":{"start":{"line":361,"column":0},"end":{"line":361,"column":44}},"361":{"start":{"line":362,"column":0},"end":{"line":362,"column":7}},"362":{"start":{"line":363,"column":0},"end":{"line":363,"column":69}},"363":{"start":{"line":364,"column":0},"end":{"line":364,"column":72}},"364":{"start":{"line":365,"column":0},"end":{"line":365,"column":60}},"365":{"start":{"line":366,"column":0},"end":{"line":366,"column":58}},"366":{"start":{"line":367,"column":0},"end":{"line":367,"column":60}},"367":{"start":{"line":368,"column":0},"end":{"line":368,"column":7}},"368":{"start":{"line":369,"column":0},"end":{"line":369,"column":5}},"370":{"start":{"line":371,"column":0},"end":{"line":371,"column":29}},"371":{"start":{"line":372,"column":0},"end":{"line":372,"column":70}},"372":{"start":{"line":373,"column":0},"end":{"line":373,"column":5}},"374":{"start":{"line":375,"column":0},"end":{"line":375,"column":42}},"375":{"start":{"line":376,"column":0},"end":{"line":376,"column":58}},"376":{"start":{"line":377,"column":0},"end":{"line":377,"column":62}},"378":{"start":{"line":379,"column":0},"end":{"line":379,"column":56}},"379":{"start":{"line":380,"column":0},"end":{"line":380,"column":36}},"381":{"start":{"line":382,"column":0},"end":{"line":382,"column":35}},"382":{"start":{"line":383,"column":0},"end":{"line":383,"column":5}},"384":{"start":{"line":385,"column":0},"end":{"line":385,"column":62}},"385":{"start":{"line":386,"column":0},"end":{"line":386,"column":49}},"386":{"start":{"line":387,"column":0},"end":{"line":387,"column":29}},"387":{"start":{"line":388,"column":0},"end":{"line":388,"column":51}},"388":{"start":{"line":389,"column":0},"end":{"line":389,"column":61}},"389":{"start":{"line":390,"column":0},"end":{"line":390,"column":9}},"391":{"start":{"line":392,"column":0},"end":{"line":392,"column":66}},"392":{"start":{"line":393,"column":0},"end":{"line":393,"column":7}},"394":{"start":{"line":395,"column":0},"end":{"line":395,"column":24}},"395":{"start":{"line":396,"column":0},"end":{"line":396,"column":16}},"396":{"start":{"line":397,"column":0},"end":{"line":397,"column":22}},"397":{"start":{"line":398,"column":0},"end":{"line":398,"column":52}},"398":{"start":{"line":399,"column":0},"end":{"line":399,"column":9}},"399":{"start":{"line":400,"column":0},"end":{"line":400,"column":7}},"401":{"start":{"line":402,"column":0},"end":{"line":402,"column":75}},"402":{"start":{"line":403,"column":0},"end":{"line":403,"column":5}},"404":{"start":{"line":405,"column":0},"end":{"line":405,"column":45}},"405":{"start":{"line":406,"column":0},"end":{"line":406,"column":49}},"406":{"start":{"line":407,"column":0},"end":{"line":407,"column":35}},"408":{"start":{"line":409,"column":0},"end":{"line":409,"column":80}},"409":{"start":{"line":410,"column":0},"end":{"line":410,"column":5}},"411":{"start":{"line":412,"column":0},"end":{"line":412,"column":73}},"412":{"start":{"line":413,"column":0},"end":{"line":413,"column":50}},"413":{"start":{"line":414,"column":0},"end":{"line":414,"column":70}},"415":{"start":{"line":416,"column":0},"end":{"line":416,"column":47}},"416":{"start":{"line":417,"column":0},"end":{"line":417,"column":37}},"418":{"start":{"line":419,"column":0},"end":{"line":419,"column":41}},"419":{"start":{"line":420,"column":0},"end":{"line":420,"column":21}},"420":{"start":{"line":421,"column":0},"end":{"line":421,"column":36}},"421":{"start":{"line":422,"column":0},"end":{"line":422,"column":43}},"422":{"start":{"line":423,"column":0},"end":{"line":423,"column":39}},"423":{"start":{"line":424,"column":0},"end":{"line":424,"column":44}},"424":{"start":{"line":425,"column":0},"end":{"line":425,"column":45}},"425":{"start":{"line":426,"column":0},"end":{"line":426,"column":26}},"426":{"start":{"line":427,"column":0},"end":{"line":427,"column":53}},"427":{"start":{"line":428,"column":0},"end":{"line":428,"column":51}},"428":{"start":{"line":429,"column":0},"end":{"line":429,"column":59}},"429":{"start":{"line":430,"column":0},"end":{"line":430,"column":81}},"430":{"start":{"line":431,"column":0},"end":{"line":431,"column":59}},"432":{"start":{"line":433,"column":0},"end":{"line":433,"column":46}},"433":{"start":{"line":434,"column":0},"end":{"line":434,"column":11}},"435":{"start":{"line":436,"column":0},"end":{"line":436,"column":18}},"436":{"start":{"line":437,"column":0},"end":{"line":437,"column":34}},"437":{"start":{"line":438,"column":0},"end":{"line":438,"column":26}},"438":{"start":{"line":439,"column":0},"end":{"line":439,"column":11}},"439":{"start":{"line":440,"column":0},"end":{"line":440,"column":9}},"441":{"start":{"line":442,"column":0},"end":{"line":442,"column":60}},"442":{"start":{"line":443,"column":0},"end":{"line":443,"column":57}},"443":{"start":{"line":444,"column":0},"end":{"line":444,"column":79}},"444":{"start":{"line":445,"column":0},"end":{"line":445,"column":57}},"446":{"start":{"line":447,"column":0},"end":{"line":447,"column":44}},"447":{"start":{"line":448,"column":0},"end":{"line":448,"column":9}},"449":{"start":{"line":450,"column":0},"end":{"line":450,"column":16}},"450":{"start":{"line":451,"column":0},"end":{"line":451,"column":32}},"451":{"start":{"line":452,"column":0},"end":{"line":452,"column":24}},"452":{"start":{"line":453,"column":0},"end":{"line":453,"column":9}},"453":{"start":{"line":454,"column":0},"end":{"line":454,"column":7}},"455":{"start":{"line":456,"column":0},"end":{"line":456,"column":58}},"456":{"start":{"line":457,"column":0},"end":{"line":457,"column":50}},"458":{"start":{"line":459,"column":0},"end":{"line":459,"column":37}},"459":{"start":{"line":460,"column":0},"end":{"line":460,"column":5}},"461":{"start":{"line":462,"column":0},"end":{"line":462,"column":62}},"462":{"start":{"line":463,"column":0},"end":{"line":463,"column":17}},"463":{"start":{"line":464,"column":0},"end":{"line":464,"column":10}},"464":{"start":{"line":465,"column":0},"end":{"line":465,"column":19}},"465":{"start":{"line":466,"column":0},"end":{"line":466,"column":49}},"466":{"start":{"line":467,"column":0},"end":{"line":467,"column":9}},"467":{"start":{"line":468,"column":0},"end":{"line":468,"column":14}},"468":{"start":{"line":469,"column":0},"end":{"line":469,"column":7}},"470":{"start":{"line":471,"column":0},"end":{"line":471,"column":36}},"471":{"start":{"line":472,"column":0},"end":{"line":472,"column":20}},"472":{"start":{"line":473,"column":0},"end":{"line":473,"column":19}},"473":{"start":{"line":474,"column":0},"end":{"line":474,"column":76}},"474":{"start":{"line":475,"column":0},"end":{"line":475,"column":29}},"475":{"start":{"line":476,"column":0},"end":{"line":476,"column":16}},"476":{"start":{"line":477,"column":0},"end":{"line":477,"column":7}},"477":{"start":{"line":478,"column":0},"end":{"line":478,"column":53}},"478":{"start":{"line":479,"column":0},"end":{"line":479,"column":50}},"479":{"start":{"line":480,"column":0},"end":{"line":480,"column":21}},"480":{"start":{"line":481,"column":0},"end":{"line":481,"column":79}},"481":{"start":{"line":482,"column":0},"end":{"line":482,"column":24}},"482":{"start":{"line":483,"column":0},"end":{"line":483,"column":7}},"484":{"start":{"line":485,"column":0},"end":{"line":485,"column":42}},"485":{"start":{"line":486,"column":0},"end":{"line":486,"column":21}},"486":{"start":{"line":487,"column":0},"end":{"line":487,"column":7}},"487":{"start":{"line":488,"column":0},"end":{"line":488,"column":5}},"489":{"start":{"line":490,"column":0},"end":{"line":490,"column":71}},"490":{"start":{"line":491,"column":0},"end":{"line":491,"column":24}},"491":{"start":{"line":492,"column":0},"end":{"line":492,"column":48}},"493":{"start":{"line":494,"column":0},"end":{"line":494,"column":44}},"494":{"start":{"line":495,"column":0},"end":{"line":495,"column":49}},"496":{"start":{"line":497,"column":0},"end":{"line":497,"column":24}},"497":{"start":{"line":498,"column":0},"end":{"line":498,"column":31}},"498":{"start":{"line":499,"column":0},"end":{"line":499,"column":5}},"500":{"start":{"line":501,"column":0},"end":{"line":501,"column":18}},"501":{"start":{"line":502,"column":0},"end":{"line":502,"column":209}},"502":{"start":{"line":503,"column":0},"end":{"line":503,"column":60}},"504":{"start":{"line":505,"column":0},"end":{"line":505,"column":12}},"505":{"start":{"line":506,"column":0},"end":{"line":506,"column":10}},"506":{"start":{"line":507,"column":0},"end":{"line":507,"column":20}},"507":{"start":{"line":508,"column":0},"end":{"line":508,"column":31}},"508":{"start":{"line":509,"column":0},"end":{"line":509,"column":27}},"509":{"start":{"line":510,"column":0},"end":{"line":510,"column":41}},"510":{"start":{"line":511,"column":0},"end":{"line":511,"column":22}},"511":{"start":{"line":512,"column":0},"end":{"line":512,"column":38}},"512":{"start":{"line":513,"column":0},"end":{"line":513,"column":37}},"513":{"start":{"line":514,"column":0},"end":{"line":514,"column":54}},"514":{"start":{"line":515,"column":0},"end":{"line":515,"column":19}},"515":{"start":{"line":516,"column":0},"end":{"line":516,"column":10}},"516":{"start":{"line":517,"column":0},"end":{"line":517,"column":18}},"518":{"start":{"line":519,"column":0},"end":{"line":519,"column":14}},"519":{"start":{"line":520,"column":0},"end":{"line":520,"column":19}},"520":{"start":{"line":521,"column":0},"end":{"line":521,"column":23}},"521":{"start":{"line":522,"column":0},"end":{"line":522,"column":21}},"522":{"start":{"line":523,"column":0},"end":{"line":523,"column":17}},"523":{"start":{"line":524,"column":0},"end":{"line":524,"column":53}},"524":{"start":{"line":525,"column":0},"end":{"line":525,"column":29}},"525":{"start":{"line":526,"column":0},"end":{"line":526,"column":10}},"526":{"start":{"line":527,"column":0},"end":{"line":527,"column":14}},"527":{"start":{"line":528,"column":0},"end":{"line":528,"column":24}},"528":{"start":{"line":529,"column":0},"end":{"line":529,"column":21}},"529":{"start":{"line":530,"column":0},"end":{"line":530,"column":29}},"530":{"start":{"line":531,"column":0},"end":{"line":531,"column":71}},"531":{"start":{"line":532,"column":0},"end":{"line":532,"column":40}},"532":{"start":{"line":533,"column":0},"end":{"line":533,"column":23}},"533":{"start":{"line":534,"column":0},"end":{"line":534,"column":29}},"534":{"start":{"line":535,"column":0},"end":{"line":535,"column":27}},"535":{"start":{"line":536,"column":0},"end":{"line":536,"column":32}},"536":{"start":{"line":537,"column":0},"end":{"line":537,"column":37}},"537":{"start":{"line":538,"column":0},"end":{"line":538,"column":54}},"538":{"start":{"line":539,"column":0},"end":{"line":539,"column":44}},"539":{"start":{"line":540,"column":0},"end":{"line":540,"column":28}},"540":{"start":{"line":541,"column":0},"end":{"line":541,"column":28}},"541":{"start":{"line":542,"column":0},"end":{"line":542,"column":10}},"542":{"start":{"line":543,"column":0},"end":{"line":543,"column":60}},"543":{"start":{"line":544,"column":0},"end":{"line":544,"column":14}},"544":{"start":{"line":545,"column":0},"end":{"line":545,"column":26}},"545":{"start":{"line":546,"column":0},"end":{"line":546,"column":21}},"546":{"start":{"line":547,"column":0},"end":{"line":547,"column":29}},"547":{"start":{"line":548,"column":0},"end":{"line":548,"column":43}},"548":{"start":{"line":549,"column":0},"end":{"line":549,"column":17}},"549":{"start":{"line":550,"column":0},"end":{"line":550,"column":18}},"550":{"start":{"line":551,"column":0},"end":{"line":551,"column":43}},"551":{"start":{"line":552,"column":0},"end":{"line":552,"column":29}},"552":{"start":{"line":553,"column":0},"end":{"line":553,"column":29}},"553":{"start":{"line":554,"column":0},"end":{"line":554,"column":34}},"554":{"start":{"line":555,"column":0},"end":{"line":555,"column":39}},"555":{"start":{"line":556,"column":0},"end":{"line":556,"column":56}},"556":{"start":{"line":557,"column":0},"end":{"line":557,"column":44}},"557":{"start":{"line":558,"column":0},"end":{"line":558,"column":28}},"558":{"start":{"line":559,"column":0},"end":{"line":559,"column":30}},"559":{"start":{"line":560,"column":0},"end":{"line":560,"column":10}},"560":{"start":{"line":561,"column":0},"end":{"line":561,"column":25}},"561":{"start":{"line":562,"column":0},"end":{"line":562,"column":12}},"562":{"start":{"line":563,"column":0},"end":{"line":563,"column":64}},"563":{"start":{"line":564,"column":0},"end":{"line":564,"column":18}},"564":{"start":{"line":565,"column":0},"end":{"line":565,"column":30}},"565":{"start":{"line":566,"column":0},"end":{"line":566,"column":25}},"566":{"start":{"line":567,"column":0},"end":{"line":567,"column":33}},"567":{"start":{"line":568,"column":0},"end":{"line":568,"column":47}},"568":{"start":{"line":569,"column":0},"end":{"line":569,"column":21}},"569":{"start":{"line":570,"column":0},"end":{"line":570,"column":22}},"570":{"start":{"line":571,"column":0},"end":{"line":571,"column":47}},"571":{"start":{"line":572,"column":0},"end":{"line":572,"column":33}},"572":{"start":{"line":573,"column":0},"end":{"line":573,"column":33}},"573":{"start":{"line":574,"column":0},"end":{"line":574,"column":38}},"574":{"start":{"line":575,"column":0},"end":{"line":575,"column":43}},"575":{"start":{"line":576,"column":0},"end":{"line":576,"column":60}},"576":{"start":{"line":577,"column":0},"end":{"line":577,"column":48}},"577":{"start":{"line":578,"column":0},"end":{"line":578,"column":32}},"578":{"start":{"line":579,"column":0},"end":{"line":579,"column":34}},"579":{"start":{"line":580,"column":0},"end":{"line":580,"column":14}},"580":{"start":{"line":581,"column":0},"end":{"line":581,"column":13}},"582":{"start":{"line":583,"column":0},"end":{"line":583,"column":30}},"583":{"start":{"line":584,"column":0},"end":{"line":584,"column":17}},"584":{"start":{"line":585,"column":0},"end":{"line":585,"column":27}},"585":{"start":{"line":586,"column":0},"end":{"line":586,"column":25}},"586":{"start":{"line":587,"column":0},"end":{"line":587,"column":31}},"587":{"start":{"line":588,"column":0},"end":{"line":588,"column":34}},"588":{"start":{"line":589,"column":0},"end":{"line":589,"column":31}},"589":{"start":{"line":590,"column":0},"end":{"line":590,"column":82}},"590":{"start":{"line":591,"column":0},"end":{"line":591,"column":34}},"591":{"start":{"line":592,"column":0},"end":{"line":592,"column":30}},"592":{"start":{"line":593,"column":0},"end":{"line":593,"column":15}},"593":{"start":{"line":594,"column":0},"end":{"line":594,"column":14}},"594":{"start":{"line":595,"column":0},"end":{"line":595,"column":266}},"595":{"start":{"line":596,"column":0},"end":{"line":596,"column":100}},"597":{"start":{"line":598,"column":0},"end":{"line":598,"column":59}},"598":{"start":{"line":599,"column":0},"end":{"line":599,"column":19}},"600":{"start":{"line":601,"column":0},"end":{"line":601,"column":12}},"602":{"start":{"line":603,"column":0},"end":{"line":603,"column":3}},"603":{"start":{"line":604,"column":0},"end":{"line":604,"column":1}},"605":{"start":{"line":606,"column":0},"end":{"line":606,"column":35}}},"s":{"2":1,"3":1,"4":1,"6":1,"7":1,"8":1,"9":1,"10":1,"11":1,"12":1,"13":1,"14":1,"15":1,"16":1,"17":1,"18":1,"19":1,"20":1,"32":118,"33":118,"34":118,"36":72,"37":72,"38":72,"39":118,"41":118,"42":24,"43":24,"44":24,"45":1,"46":1,"47":24,"48":16,"49":16,"50":23,"51":2,"52":2,"53":7,"54":5,"55":5,"56":5,"57":24,"58":24,"60":48,"61":48,"63":510,"64":510,"66":322,"67":510,"68":510,"70":510,"71":510,"72":93,"73":61,"74":93,"75":32,"76":32,"77":93,"79":322,"80":510,"81":510,"83":54,"84":54,"85":54,"136":1,"137":1,"138":208,"139":208,"140":208,"141":208,"142":208,"143":208,"144":208,"145":208,"146":208,"147":208,"148":208,"149":208,"150":208,"151":208,"152":208,"153":208,"154":208,"155":208,"156":208,"157":208,"158":208,"159":208,"160":208,"161":208,"162":208,"163":208,"164":208,"165":208,"166":117,"167":208,"168":208,"169":208,"170":208,"172":208,"173":117,"174":117,"175":2,"176":2,"177":117,"178":117,"179":117,"180":117,"181":0,"182":0,"183":208,"185":208,"186":118,"187":118,"188":118,"189":1,"190":1,"191":1,"192":1,"193":208,"195":208,"196":208,"197":208,"198":208,"202":208,"203":208,"204":208,"205":208,"207":208,"209":117,"210":117,"211":117,"212":117,"213":117,"215":117,"216":117,"217":241,"218":241,"219":241,"222":5,"223":5,"224":2,"225":2,"226":5,"227":241,"228":241,"229":241,"230":117,"231":208,"233":208,"234":208,"235":0,"236":208,"237":208,"238":15,"239":193,"240":48,"241":145,"243":208,"244":94,"245":94,"246":94,"247":94,"248":94,"249":94,"250":94,"252":208,"253":84,"255":84,"256":84,"257":84,"259":208,"260":53,"262":3,"263":53,"264":53,"266":53,"267":53,"269":208,"270":34,"271":34,"272":16,"273":16,"274":34,"275":34,"277":34,"278":34,"279":18,"280":16,"281":14,"282":14,"283":13,"284":34,"285":29,"286":29,"287":29,"288":34,"290":208,"291":17,"292":17,"293":17,"294":1,"295":17,"296":12,"297":12,"298":17,"300":17,"301":17,"302":17,"303":16,"304":3,"305":3,"306":16,"307":3,"308":3,"309":16,"310":17,"312":208,"313":3,"314":3,"315":3,"316":0,"317":3,"318":2,"319":2,"320":3,"322":3,"323":3,"324":3,"325":1,"326":1,"327":3,"329":208,"330":12,"331":12,"332":9,"333":9,"335":9,"336":12,"337":2,"338":2,"339":12,"340":7,"341":7,"342":7,"343":9,"344":12,"346":208,"347":14,"348":14,"349":14,"350":10,"351":10,"352":14,"353":4,"354":4,"355":14,"356":14,"358":208,"359":15,"360":15,"361":15,"362":15,"363":15,"364":15,"365":2,"366":2,"367":2,"368":15,"370":208,"371":6,"372":6,"374":208,"375":19,"376":19,"378":12,"379":19,"381":12,"382":19,"384":208,"385":3,"386":3,"387":2,"388":1,"389":1,"391":1,"392":1,"394":1,"395":1,"396":1,"397":1,"398":1,"399":1,"401":3,"402":3,"404":208,"405":1,"406":1,"408":1,"409":1,"411":208,"412":19,"413":19,"415":12,"416":19,"418":12,"419":12,"420":12,"421":1,"422":11,"423":1,"424":10,"425":19,"426":4,"427":1,"428":0,"429":0,"430":0,"432":0,"433":0,"435":1,"436":1,"437":1,"438":1,"439":1,"441":4,"442":1,"443":1,"444":1,"446":1,"447":1,"449":2,"450":2,"451":2,"452":2,"453":2,"455":8,"456":19,"458":5,"459":19,"461":208,"462":28,"463":28,"464":28,"465":27,"466":28,"467":9,"468":9,"470":19,"471":19,"472":19,"473":28,"474":1,"475":18,"476":28,"477":28,"478":28,"479":28,"480":28,"481":28,"482":28,"484":28,"485":11,"486":11,"487":28,"489":208,"490":3,"491":3,"493":2,"494":2,"496":1,"497":3,"498":3,"500":208,"501":208,"502":208,"504":208,"505":208,"506":208,"507":208,"508":208,"509":208,"510":208,"511":208,"512":208,"513":208,"514":208,"515":208,"516":208,"518":208,"519":208,"520":208,"521":208,"522":208,"523":208,"524":208,"525":208,"526":208,"527":208,"528":208,"529":208,"530":208,"531":208,"532":208,"533":208,"534":208,"535":208,"536":208,"537":208,"538":208,"539":208,"540":208,"541":208,"542":208,"543":208,"544":208,"545":208,"546":208,"547":208,"548":208,"549":208,"550":208,"551":208,"552":208,"553":208,"554":208,"555":208,"556":208,"557":208,"558":208,"559":208,"560":208,"561":15,"562":15,"563":15,"564":15,"565":15,"566":15,"567":15,"568":15,"569":15,"570":15,"571":15,"572":15,"573":15,"574":15,"575":15,"576":15,"577":15,"578":15,"579":15,"580":15,"582":208,"583":48,"584":48,"585":48,"586":48,"587":48,"588":48,"589":3,"590":3,"591":3,"592":3,"593":3,"594":48,"595":48,"597":48,"598":48,"600":208,"602":208,"603":1,"605":1},"branchMap":{"0":{"type":"branch","line":33,"loc":{"start":{"line":33,"column":0
[...]
7}}]},"167":{"type":"branch","line":398,"loc":{"start":{"line":398,"column":33},"end":{"line":398,"column":47}},"locations":[{"start":{"line":398,"column":33},"end":{"line":398,"column":47}}]},"168":{"type":"branch","line":400,"loc":{"start":{"line":400,"column":6},"end":{"line":402,"column":47}},"locations":[{"start":{"line":400,"column":6},"end":{"line":402,"column":47}}]},"169":{"type":"branch","line":402,"loc":{"start":{"line":402,"column":43},"end":{"line":402,"column":55}},"locations":[{"start":{"line":402,"column":43},"end":{"line":402,"column":55}}]},"170":{"type":"branch","line":405,"loc":{"start":{"line":405,"column":4},"end":{"line":410,"column":5}},"locations":[{"start":{"line":405,"column":4},"end":{"line":410,"column":5}}]},"171":{"type":"branch","line":406,"loc":{"start":{"line":406,"column":32},"end":{"line":406,"column":46}},"locations":[{"start":{"line":406,"column":32},"end":{"line":406,"column":46}}]},"172":{"type":"branch","line":407,"loc":{"start":{"line":407,"column":23},"end":{"line":407,"column":35}},"locations":[{"start":{"line":407,"column":23},"end":{"line":407,"column":35}}]},"173":{"type":"branch","line":409,"loc":{"start":{"line":409,"column":41},"end":{"line":409,"column":80}},"locations":[{"start":{"line":409,"column":41},"end":{"line":409,"column":80}}]},"174":{"type":"branch","line":412,"loc":{"start":{"line":412,"column":4},"end":{"line":460,"column":5}},"locations":[{"start":{"line":412,"column":4},"end":{"line":460,"column":5}}]},"175":{"type":"branch","line":414,"loc":{"start":{"line":414,"column":23},"end":{"line":414,"column":45}},"locations":[{"start":{"line":414,"column":23},"end":{"line":414,"column":45}}]},"176":{"type":"branch","line":414,"loc":{"start":{"line":414,"column":36},"end":{"line":414,"column":59}},"locations":[{"start":{"line":414,"column":36},"end":{"line":414,"column":59}}]},"177":{"type":"branch","line":414,"loc":{"start":{"line":414,"column":59},"end":{"line":414,"column":70}},"locations":[{"start":{"line":414,"column":59},"end":{"line":414,"column":70}}]},"178":{"type":"branch","line":414,"loc":{"start":{"line":414,"column":66},"end":{"line":417,"column":33}},"locations":[{"start":{"line":414,"column":66},"end":{"line":417,"column":33}}]},"179":{"type":"branch","line":417,"loc":{"start":{"line":417,"column":26},"end":{"line":417,"column":37}},"locations":[{"start":{"line":417,"column":26},"end":{"line":417,"column":37}}]},"180":{"type":"branch","line":417,"loc":{"start":{"line":417,"column":33},"end":{"line":421,"column":36}},"locations":[{"start":{"line":417,"column":33},"end":{"line":421,"column":36}}]},"181":{"type":"branch","line":421,"loc":{"start":{"line":421,"column":29},"end":{"line":422,"column":43}},"locations":[{"start":{"line":421,"column":29},"end":{"line":422,"column":43}}]},"182":{"type":"branch","line":422,"loc":{"start":{"line":422,"column":35},"end":{"line":425,"column":45}},"locations":[{"start":{"line":422,"column":35},"end":{"line":425,"column":45}}]},"183":{"type":"branch","line":423,"loc":{"start":{"line":423,"column":33},"end":{"line":424,"column":44}},"locations":[{"start":{"line":423,"column":33},"end":{"line":424,"column":44}}]},"184":{"type":"branch","line":424,"loc":{"start":{"line":424,"column":36},"end":{"line":425,"column":45}},"locations":[{"start":{"line":424,"column":36},"end":{"line":425,"column":45}}]},"185":{"type":"branch","line":426,"loc":{"start":{"line":426,"column":25},"end":{"line":454,"column":7}},"locations":[{"start":{"line":426,"column":25},"end":{"line":454,"column":7}}]},"186":{"type":"branch","line":427,"loc":{"start":{"line":427,"column":23},"end":{"line":427,"column":52}},"locations":[{"start":{"line":427,"column":23},"end":{"line":427,"column":52}}]},"187":{"type":"branch","line":427,"loc":{"start":{"line":427,"column":52},"end":{"line":440,"column":9}},"locations":[{"start":{"line":427,"column":52},"end":{"line":440,"column":9}}]},"188":{"type":"branch","line":428,"loc":{"start":{"line":428,"column":50},"end":{"line":434,"column":11}},"locations":[{"start":{"line":428,"column":50},"end":{"line":434,"column":11}}]},"189":{"type":"branch","line":440,"loc":{"start":{"line":440,"column":8},"end":{"line":442,"column":37}},"locations":[{"start":{"line":440,"column":8},"end":{"line":442,"column":37}}]},"190":{"type":"branch","line":442,"loc":{"start":{"line":442,"column":12},"end":{"line":442,"column":59}},"locations":[{"start":{"line":442,"column":12},"end":{"line":442,"column":59}}]},"191":{"type":"branch","line":442,"loc":{"start":{"line":442,"column":59},"end":{"line":448,"column":9}},"locations":[{"start":{"line":442,"column":59},"end":{"line":448,"column":9}}]},"192":{"type":"branch","line":445,"loc":{"start":{"line":445,"column":46},"end":{"line":445,"column":57}},"locations":[{"start":{"line":445,"column":46},"end":{"line":445,"column":57}}]},"193":{"type":"branch","line":448,"loc":{"start":{"line":448,"column":8},"end":{"line":454,"column":7}},"locations":[{"start":{"line":448,"column":8},"end":{"line":454,"column":7}}]},"194":{"type":"branch","line":454,"loc":{"start":{"line":454,"column":6},"end":{"line":457,"column":46}},"locations":[{"start":{"line":454,"column":6},"end":{"line":457,"column":46}}]},"195":{"type":"branch","line":457,"loc":{"start":{"line":457,"column":39},"end":{"line":457,"column":50}},"locations":[{"start":{"line":457,"column":39},"end":{"line":457,"column":50}}]},"196":{"type":"branch","line":457,"loc":{"start":{"line":457,"column":46},"end":{"line":459,"column":37}},"locations":[{"start":{"line":457,"column":46},"end":{"line":459,"column":37}}]},"197":{"type":"branch","line":462,"loc":{"start":{"line":462,"column":4},"end":{"line":488,"column":5}},"locations":[{"start":{"line":462,"column":4},"end":{"line":488,"column":5}}]},"198":{"type":"branch","line":463,"loc":{"start":{"line":463,"column":6},"end":{"line":463,"column":17}},"locations":[{"start":{"line":463,"column":6},"end":{"line":463,"column":17}}]},"199":{"type":"branch","line":465,"loc":{"start":{"line":465,"column":8},"end":{"line":466,"column":49}},"locations":[{"start":{"line":465,"column":8},"end":{"line":466,"column":49}}]},"200":{"type":"branch","line":467,"loc":{"start":{"line":467,"column":8},"end":{"line":469,"column":7}},"locations":[{"start":{"line":467,"column":8},"end":{"line":469,"column":7}}]},"201":{"type":"branch","line":469,"loc":{"start":{"line":469,"column":6},"end":{"line":474,"column":37}},"locations":[{"start":{"line":469,"column":6},"end":{"line":474,"column":37}}]},"202":{"type":"branch","line":474,"loc":{"start":{"line":474,"column":12},"end":{"line":474,"column":54}},"locations":[{"start":{"line":474,"column":12},"end":{"line":474,"column":54}}]},"203":{"type":"branch","line":474,"loc":{"start":{"line":474,"column":45},"end":{"line":474,"column":76}},"locations":[{"start":{"line":474,"column":45},"end":{"line":474,"column":76}}]},"204":{"type":"branch","line":474,"loc":{"start":{"line":474,"column":74},"end":{"line":475,"column":29}},"locations":[{"start":{"line":474,"column":74},"end":{"line":475,"column":29}}]},"205":{"type":"branch","line":475,"loc":{"start":{"line":475,"column":28},"end":{"line":476,"column":16}},"locations":[{"start":{"line":475,"column":28},"end":{"line":476,"column":16}}]},"206":{"type":"branch","line":481,"loc":{"start":{"line":481,"column":37},"end":{"line":481,"column":75}},"locations":[{"start":{"line":481,"column":37},"end":{"line":481,"column":75}}]},"207":{"type":"branch","line":481,"loc":{"start":{"line":481,"column":71},"end":{"line":481,"column":79}},"locations":[{"start":{"line":481,"column":71},"end":{"line":481,"column":79}}]},"208":{"type":"branch","line":485,"loc":{"start":{"line":485,"column":41},"end":{"line":487,"column":7}},"locations":[{"start":{"line":485,"column":41},"end":{"line":487,"column":7}}]},"209":{"type":"branch","line":490,"loc":{"start":{"line":490,"column":4},"end":{"line":499,"column":5}},"locations":[{"start":{"line":490,"column":4},"end":{"line":499,"column":5}}]},"210":{"type":"branch","line":491,"loc":{"start":{"line":491,"column":6},"end":{"line":491,"column":24}},"locations":[{"start":{"line":491,"column":6},"end":{"line":491,"column":24}}]},"211":{"type":"branch","line":492,"loc":{"start":{"line":492,"column":10},"end":{"line":492,"column":42}},"locations":[{"start":{"line":492,"column":10},"end":{"line":492,"column":42}}]},"212":{"type":"branch","line":492,"loc":{"start":{"line":492,"column":42},"end":{"line":492,"column":48}},"locations":[{"start":{"line":492,"column":42},"end":{"line":492,"column":48}}]},"213":{"type":"branch","line":492,"loc":{"start":{"line":492,"column":42},"end":{"line":495,"column":49}},"locations":[{"start":{"line":492,"column":42},"end":{"line":495,"column":49}}]},"214":{"type":"branch","line":495,"loc":{"start":{"line":495,"column":43},"end":{"line":498,"column":30}},"locations":[{"start":{"line":495,"column":43},"end":{"line":498,"column":30}}]},"215":{"type":"branch","line":537,"loc":{"start":{"line":537,"column":18},"end":{"line":537,"column":37}},"locations":[{"start":{"line":537,"column":18},"end":{"line":537,"column":37}}]},"216":{"type":"branch","line":538,"loc":{"start":{"line":538,"column":21},"end":{"line":538,"column":54}},"locations":[{"start":{"line":538,"column":21},"end":{"line":538,"column":54}}]},"217":{"type":"branch","line":539,"loc":{"start":{"line":539,"column":19},"end":{"line":539,"column":44}},"locations":[{"start":{"line":539,"column":19},"end":{"line":539,"column":44}}]},"218":{"type":"branch","line":555,"loc":{"start":{"line":555,"column":18},"end":{"line":555,"column":39}},"locations":[{"start":{"line":555,"column":18},"end":{"line":555,"column":39}}]},"219":{"type":"branch","line":556,"loc":{"start":{"line":556,"column":21},"end":{"line":556,"column":56}},"locations":[{"start":{"line":556,"column":21},"end":{"line":556,"column":56}}]},"220":{"type":"branch","line":557,"loc":{"start":{"line":557,"column":19},"end":{"line":557,"column":44}},"locations":[{"start":{"line":557,"column":19},"end":{"line":557,"column":44}}]},"221":{"type":"branch","line":575,"loc":{"start":{"line":575,"column":22},"end":{"line":575,"column":43}},"locations":[{"start":{"line":575,"column":22},"end":{"line":575,"column":43}}]},"222":{"type":"branch","line":576,"loc":{"start":{"line":576,"column":25},"end":{"line":576,"column":60}},"locations":[{"start":{"line":576,"column":25},"end":{"line":576,"column":60}}]},"223":{"type":"branch","line":577,"loc":{"start":{"line":577,"column":23},"end":{"line":577,"column":48}},"locations":[{"start":{"line":577,"column":23},"end":{"line":577,"column":48}}]},"224":{"type":"branch","line":589,"loc":{"start":{"line":589,"column":23},"end":{"line":594,"column":14}},"locations":[{"start":{"line":589,"column":23},"end":{"line":594,"column":14}}]},"225":{"type":"branch","line":590,"loc":{"start":{"line":590,"column":28},"end":{"line":590,"column":66}},"locations":[{"start":{"line":590,"column":28},"end":{"line":590,"column":66}}]},"226":{"type":"branch","line":590,"loc":{"start":{"line":590,"column":51},"end":{"line":590,"column":81}},"locations":[{"start":{"line":590,"column":51},"end":{"line":590,"column":81}}]}},"b":{"0":[118],"1":[46],"2":[72],"3":[0],"4":[72],"5":[24],"6":[1],"7":[23],"8":[16],"9":[7],"10":[2],"11":[5],"12":[48],"13":[510],"14":[415],"15":[188],"16":[322],"17":[0],"18":[302],"19":[93],"20":[61],"21":[8],"22":[32],"23":[28],"24":[322],"25":[28],"26":[294],"27":[54],"28":[208],"29":[0],"30":[160],"31":[15],"32":[193],"33":[48],"34":[145],"35":[202],"36":[6],"37":[207],"38":[48],"39":[159],"40":[48],"41":[160],"42":[207],"43":[186],"44":[15],"45":[48],"46":[35],"47":[13],"48":[35],"49":[13],"50":[117],"51":[109],"52":[117],"53":[3],"54":[114],"55":[112],"56":[2],"57":[0],"58":[2],"59":[0],"60":[0],"61":[2],"62":[2],"63":[118],"64":[9],"65":[8],"66":[1],"67":[117],"68":[7],"69":[241],"70":[0],"71":[5],"72":[3],"73":[2],"74":[1],"75":[1],"76":[241],"77":[117],"78":[241],"79":[94],"80":[69],"81":[84],"82":[71],"83":[78],"84":[6],"85":[0],"86":[6],"87":[53],"88":[50],"89":[3],"90":[2],"91":[1],"92":[3],"93":[0],"94":[0],"95":[3],"96":[1],"97":[2],"98":[34],"99":[16],"100":[18],"101":[4],"102":[4],"103":[16],"104":[14],"105":[14],"106":[13],"107":[29],"108":[17],"109":[1],"110":[16],"111":[1],"112":[16],"113":[12],"114":[4],"115":[16],"116":[3],"117":[13],"118":[3],"119":[3],"120":[0],"121":[0],"122":[2],"123":[1],"124":[1],"125":[12],"126":[3],"127":[9],"128":[0],"129":[9],"130":[2],"131":[1],"132":[1],"133":[7],"134":[0],"135":[9],"136":[14],"137":[0],"138":[10],"139":[2],"140":[8],"141":[4],"142":[1],"143":[3],"144":[15],"145":[7],"146":[5],"147":[3],"148":[2],"149":[1],"150":[1],"151":[6],"152":[5],"153":[1],"154":[19],"155":[7],"156":[12],"157":[0],"158":[12],"159":[0],"160":[12],"161":[3],"162":[0],"163":[2],"164":[1],"165":[1],"166":[1],"167":[0],"168":[0],"169":[0],"170":[1],"171":[0],"172":[0],"173":[0],"174":[19],"175":[12],"176":[12],"177":[7],"178":[12],"179":[0],"180":[12],"181":[1],"182":[11],"183":[1],"184":[10],"185":[4],"186":[3],"187":[1],"188":[0],"189":[3],"190":[1],"191":[1],"192":[0],"193":[2],"194":[8],"195":[3],"196":[5],"197":[28],"198":[0],"199":[27],"200":[9],"201":[19],"202":[2],"203":[1],"204":[1],"205":[18],"206":[2],"207":[17],"208":[11],"209":[3],"210":[0],"211":[2],"212":[1],"213":[2],"214":[1],"215":[3],"216":[8],"217":[6],"218":[7],"219":[6],"220":[35],"221":[2],"222":[1],"223":[5],"224":[3],"225":[2],"226":[1]},"fnMap":{"0":{"name":"parse","decl":{"start":{"line":33,"column":0},"end":{"line":62,"column":1}},"loc":{"start":{"line":33,"column":0},"end":{"line":62,"column":1}},"line":33},"1":{"name":"serialize","decl":{"start":{"line":64,"column":0},"end":{"line":82,"column":1}},"loc":{"start":{"line":64,"column":0},"end":{"line":82,"column":1}},"line":64},"2":{"name":"getDigits","decl":{"start":{"line":84,"column":0},"end":{"line":86,"column":1}},"loc":{"start":{"line":84,"column":0},"end":{"line":86,"column":1}},"line":84},"3":{"name":"fn","decl":{"start":{"line":220,"column":19},"end":{"line":227,"column":9}},"loc":{"start":{"line":220,"column":19},"end":{"line":227,"column":9}},"line":220},"4":{"name":"commit","decl":{"start":{"line":244,"column":4},"end":{"line":251,"column":5}},"loc":{"start":{"line":244,"column":4},"end":{"line":251,"column":5}},"line":244},"5":{"name":"isOverflowMaxHour","decl":{"start":{"line":253,"column":4},"end":{"line":258,"column":5}},"loc":{"start":{"line":253,"column":4},"end":{"line":258,"column":5}},"line":253},"6":{"name":"maxTimeBoundaryPatch","decl":{"start":{"line":260,"column":4},"end":{"line":268,"column":5}},"loc":{"start":{"line":260,"column":4},"end":{"line":268,"column":5}},"line":260},"7":{"name":"handleHours","decl":{"start":{"line":270,"column":4},"end":{"line":289,"column":5}},"loc":{"start":{"line":270,"column":4},"end":{"line":289,"column":5}},"line":270},"8":{"name":"handleMinutes","decl":{"start":{"line":291,"column":4},"end":{"line":311,"column":5}},"loc":{"start":{"line":291,"column":4},"end":{"line":311,"column":5}},"line":291},"9":{"name":"handleSeconds","decl":{"start":{"line":313,"column":4},"end":{"line":328,"column":5}},"loc":{"start":{"line":313,"column":4},"end":{"line":328,"column":5}},"line":313},"10":{"name":"pad","decl":{"start":{"line":330,"column":4},"end":{"line":345,"column":5}},"loc":{"start":{"line":330,"column":4},"end":{"line":345,"column":5}},"line":330},"11":{"name":"step","decl":{"start":{"line":347,"column":4},"end":{"line":357,"column":5}},"loc":{"start":{"line":347,"column":4},"end":{"line":357,"column":5}},"line":347},"12":{"name":"handleKeyDown","decl":{"start":{"line":359,"column":4},"end":{"line":369,"column":5}},"loc":{"start":{"line":359,"column":4},"end":{"line":369,"column":5}},"line":359},"13":{"name":"togglePeriod","decl":{"start":{"line":371,"column":4},"end":{"line":373,"column":5}},"loc":{"start":{"line":371,"column":4},"end":{"line":373,"column":5}},"line":371},"14":{"name":"getMinuteRoundingInterval","decl":{"start":{"line":375,"column":4},"end":{"line":383,"column":5}},"loc":{"start":{"line":375,"column":4},"end":{"line":383,"column":5}},"line":375},"15":{"name":"incrementHour","decl":{"start":{"line":385,"column":4},"end":{"line":403,"column":5}},"loc":{"start":{"line":385,"column":4},"end":{"line":403,"column":5}},"line":385},"16":{"name":"isLastHourOfDay","decl":{"start":{"line":405,"column":4},"end":{"line":410,"column":5}},"loc":{"start":{"line":405,"column":4},"end":{"line":410,"column":5}},"line":405},"17":{"name":"roundMinutesPatch","decl":{"start":{"line":412,"column":4},"end":{"line":460,"column":5}},"loc":{"start":{"line":412,"column":4},"end":{"line":460,"column":5}},"line":412},"18":{"name":"handleBlur","decl":{"start":{"line":462,"column":4},"end":{"line":488,"column":5}},"loc":{"start":{"line":462,"column":4},"end":{"line":488,"column":5}},"line":462},"19":{"name":"handlePointerDown","decl":{"start":{"line":490,"column":4},"end":{"line":499,"column":5}},"loc":{"start":{"line":490,"column":4},"end":{"line":499,"column":5}},"line":490},"20":{"name":"onBlur","decl":{"start":{"line":537,"column":18},"end":{"line":537,"column":37}},"loc":{"start":{"line":537,"column":18},"end":{"line":537,"column":37}},"line":537},"21":{"name":"onKeyDown","decl":{"start":{"line":538,"column":21},"end":{"line":538,"column":54}},"loc":{"start":{"line":538,"column":21},"end":{"line":538,"column":54}},"line":538},"22":{"name":"onFocus","decl":{"start":{"line":539,"column":19},"end":{"line":539,"column":44}},"loc":{"start":{"line":539,"column":19},"end":{"line":539,"column":44}},"line":539},"23":{"name":"onBlur","decl":{"start":{"line":555,"column":18},"end":{"line":555,"column":39}},"loc":{"start":{"line":555,"column":18},"end":{"line":555,"column":39}},"line":555},"24":{"name":"onKeyDown","decl":{"start":{"line":556,"column":21},"end":{"line":556,"column":56}},"loc":{"start":{"line":556,"column":21},"end":{"line":556,"column":56}},"line":556},"25":{"name":"onFocus","decl":{"start":{"line":557,"column":19},"end":{"line":557,"column":44}},"loc":{"start":{"line":557,"column":19},"end":{"line":557,"column":44}},"line":557},"26":{"name":"onBlur","decl":{"start":{"line":575,"column":22},"end":{"line":575,"column":43}},"loc":{"start":{"line":575,"column":22},"end":{"line":575,"column":43}},"line":575},"27":{"name":"onKeyDown","decl":{"start":{"line":576,"column":25},"end":{"line":576,"column":60}},"loc":{"start":{"line":576,"column":25},"end":{"line":576,"column":60}},"line":576},"28":{"name":"onFocus","decl":{"start":{"line":577,"column":23},"end":{"line":577,"column":48}},"loc":{"start":{"line":577,"column":23},"end":{"line":577,"column":48}},"line":577},"29":{"name":"onKeyDown","decl":{"start":{"line":589,"column":23},"end":{"line":594,"column":14}},"loc":{"start":{"line":589,"column":23},"end":{"line":594,"column":14}},"line":589}},"f":{"0":118,"1":510,"2":54,"3":5,"4":94,"5":84,"6":53,"7":34,"8":17,"9":3,"10":12,"11":14,"12":15,"13":6,"14":19,"15":3,"16":1,"17":19,"18":28,"19":3,"20":3,"21":8,"22":6,"23":7,"24":6,"25":35,"26":2,"27":1,"28":5,"29":3}}
,"/Users/kaylee/workspace/time-input/src/lib/utils.ts": {"path":"/Users/kaylee/workspace/time-input/src/lib/utils.ts","all":false,"statementMap":{"0":{"start":{"line":1,"column":0},"end":{"line":1,"column":44}},"1":{"start":{"line":2,"column":0},"end":{"line":2,"column":40}},"3":{"start":{"line":4,"column":0},"end":{"line":4,"column":45}},"4":{"start":{"line":5,"column":0},"end":{"line":5,"column":30}},"5":{"start":{"line":6,"column":0},"end":{"line":6,"column":1}}},"s":{"0":1,"1":1,"3":1,"4":208,"5":208},"branchMap":{"0":{"type":"branch","line":4,"loc":{"start":{"line":4,"column":7},"end":{"line":6,"column":1}},"locations":[{"start":{"line":4,"column":7},"end":{"line":6,"column":1}}]}},"b":{"0":[208]},"fnMap":{"0":{"name":"cn","decl":{"start":{"line":4,"column":7},"end":{"line":6,"column":1}},"loc":{"start":{"line":4,"column":7},"end":{"line":6,"column":1}},"line":4}},"f":{"0":208}}
}
